TN:
SF:melodex-front-end\src\components\Rankings.jsx
FN:11,ensureSpotifyConnected
FN:24,Rankings
FN:69,hasInjectedRanked
FN:81,normalizeNoTrail
FN:87,joinUrl
FN:93,recentlyDone
FN:99,stableKey
FN:103,norm
FN:115,parsePreviewExpiry
FN:132,isPreviewValid
FN:138,msSince
FN:148,rehydrateSong
FN:302,runNext
FN:400,getTestRanked
FN:409,handleApply
FN:457,onExportClick
FN:478,onCancelSelection
FN:487,doExport
FN:583,toggleFilter
FN:585,getRankPositions
FN:718,onSubmit
FN:730,onChange
FN:739,onChange
FN:821,onClick
FN:887,onChange
FN:936,ref
FN:944,onVolumeChange
FN:945,onPlay
FN:951,onError
FN:969,onCanPlay
FNF:30
FNH:22
FNDA:0,ensureSpotifyConnected
FNDA:211,Rankings
FNDA:54,hasInjectedRanked
FNDA:211,normalizeNoTrail
FNDA:23,joinUrl
FNDA:28,recentlyDone
FNDA:354,stableKey
FNDA:0,norm
FNDA:218,parsePreviewExpiry
FNDA:190,isPreviewValid
FNDA:0,msSince
FNDA:0,rehydrateSong
FNDA:38,runNext
FNDA:38,getTestRanked
FNDA:38,handleApply
FNDA:25,onExportClick
FNDA:2,onCancelSelection
FNDA:8,doExport
FNDA:2,toggleFilter
FNDA:211,getRankPositions
FNDA:8,onSubmit
FNDA:7,onChange
FNDA:1,onChange
FNDA:0,onClick
FNDA:25,onChange
FNDA:286,ref
FNDA:12,onVolumeChange
FNDA:0,onPlay
FNDA:0,onError
FNDA:0,onCanPlay
DA:2,1
DA:3,1
DA:4,1
DA:5,1
DA:6,1
DA:7,1
DA:8,1
DA:11,0
DA:12,0
DA:13,0
DA:14,0
DA:15,0
DA:16,0
DA:17,0
DA:18,0
DA:19,0
DA:20,0
DA:21,0
DA:22,0
DA:24,1
DA:25,211
DA:26,211
DA:28,211
DA:29,211
DA:30,211
DA:31,211
DA:32,211
DA:33,211
DA:34,211
DA:35,211
DA:38,211
DA:39,211
DA:40,211
DA:41,211
DA:42,211
DA:43,211
DA:46,211
DA:47,211
DA:48,211
DA:49,211
DA:50,211
DA:51,211
DA:52,211
DA:53,211
DA:54,211
DA:55,211
DA:58,211
DA:59,211
DA:60,211
DA:61,211
DA:62,211
DA:63,211
DA:65,211
DA:66,211
DA:67,211
DA:69,211
DA:70,54
DA:71,0
DA:72,54
DA:75,211
DA:76,211
DA:77,211
DA:78,211
DA:79,211
DA:81,211
DA:82,211
DA:83,211
DA:84,211
DA:85,211
DA:87,211
DA:88,23
DA:89,23
DA:90,23
DA:91,23
DA:93,211
DA:94,28
DA:95,28
DA:96,28
DA:99,211
DA:100,354
DA:101,354
DA:102,207
DA:103,0
DA:104,0
DA:105,354
DA:108,211
DA:109,25
DA:110,25
DA:111,25
DA:112,211
DA:115,211
DA:116,218
DA:117,218
DA:118,218
DA:119,218
DA:120,218
DA:121,218
DA:122,218
DA:123,218
DA:124,218
DA:125,68
DA:126,68
DA:127,68
DA:128,0
DA:129,0
DA:130,218
DA:132,211
DA:133,190
DA:134,190
DA:135,58
DA:136,190
DA:138,211
DA:139,0
DA:140,0
DA:141,0
DA:142,0
DA:143,0
DA:145,211
DA:148,211
DA:149,0
DA:150,0
DA:151,0
DA:152,0
DA:153,0
DA:155,0
DA:156,0
DA:157,0
DA:158,0
DA:160,0
DA:161,0
DA:162,0
DA:163,0
DA:164,0
DA:165,0
DA:166,0
DA:167,0
DA:169,0
DA:171,0
DA:172,0
DA:173,0
DA:174,0
DA:175,0
DA:176,0
DA:178,0
DA:179,0
DA:180,0
DA:181,0
DA:182,0
DA:183,0
DA:184,0
DA:185,0
DA:186,0
DA:187,0
DA:188,0
DA:190,0
DA:191,0
DA:192,0
DA:193,0
DA:194,0
DA:195,0
DA:196,0
DA:197,0
DA:198,0
DA:200,0
DA:202,0
DA:204,0
DA:205,0
DA:206,0
DA:207,0
DA:209,0
DA:210,0
DA:212,0
DA:213,0
DA:214,0
DA:215,0
DA:216,0
DA:218,0
DA:220,0
DA:221,0
DA:222,0
DA:223,0
DA:224,0
DA:225,0
DA:226,0
DA:227,0
DA:228,0
DA:229,0
DA:230,0
DA:231,0
DA:234,211
DA:235,60
DA:236,36
DA:237,36
DA:238,36
DA:239,211
DA:242,211
DA:243,54
DA:244,6
DA:245,6
DA:246,6
DA:247,6
DA:248,6
DA:249,6
DA:250,6
DA:251,6
DA:252,54
DA:254,23
DA:255,23
DA:256,23
DA:258,23
DA:259,23
DA:260,23
DA:261,23
DA:262,50
DA:263,37
DA:264,37
DA:265,37
DA:266,44
DA:267,13
DA:268,13
DA:269,0
DA:270,0
DA:271,0
DA:272,0
DA:273,0
DA:274,0
DA:275,23
DA:276,23
DA:277,48
DA:278,0
DA:279,0
DA:281,23
DA:282,23
DA:284,23
DA:286,23
DA:287,23
DA:288,23
DA:289,23
DA:290,23
DA:291,37
DA:292,23
DA:293,23
DA:295,23
DA:296,23
DA:298,23
DA:299,23
DA:300,23
DA:302,23
DA:303,38
DA:304,38
DA:306,38
DA:307,15
DA:308,15
DA:309,15
DA:311,15
DA:313,15
DA:314,15
DA:315,15
DA:316,15
DA:317,15
DA:318,15
DA:319,15
DA:320,15
DA:321,15
DA:322,15
DA:324,15
DA:325,24
DA:326,37
DA:327,37
DA:328,18
DA:329,18
DA:330,9
DA:331,37
DA:332,37
DA:333,24
DA:334,15
DA:335,15
DA:336,24
DA:337,37
DA:338,37
DA:339,18
DA:340,18
DA:341,9
DA:342,37
DA:343,37
DA:344,24
DA:345,15
DA:346,15
DA:347,15
DA:348,0
DA:349,15
DA:350,15
DA:351,15
DA:352,15
DA:353,15
DA:354,15
DA:355,38
DA:357,23
DA:359,23
DA:360,23
DA:361,23
DA:362,211
DA:364,211
DA:365,54
DA:366,211
DA:369,211
DA:370,96
DA:371,25
DA:372,22
DA:373,22
DA:375,22
DA:376,54
DA:377,28
DA:378,54
DA:379,28
DA:381,54
DA:382,0
DA:383,0
DA:384,0
DA:385,0
DA:386,0
DA:387,22
DA:388,211
DA:391,211
DA:392,96
DA:393,28
DA:394,96
DA:395,211
DA:400,211
DA:401,38
DA:402,38
DA:403,3
DA:404,3
DA:405,38
DA:406,35
DA:407,38
DA:409,211
DA:410,38
DA:411,38
DA:412,0
DA:413,0
DA:414,0
DA:416,38
DA:418,38
DA:419,38
DA:420,38
DA:421,38
DA:422,38
DA:423,38
DA:424,38
DA:426,38
DA:428,38
DA:429,38
DA:430,3
DA:431,3
DA:432,3
DA:433,3
DA:434,3
DA:435,3
DA:437,35
DA:438,35
DA:439,35
DA:440,35
DA:442,35
DA:443,35
DA:444,38
DA:445,38
DA:446,38
DA:447,38
DA:448,38
DA:449,35
DA:450,35
DA:451,0
DA:452,0
DA:453,0
DA:454,0
DA:455,38
DA:457,211
DA:459,25
DA:460,25
DA:461,25
DA:462,25
DA:463,25
DA:464,25
DA:465,25
DA:466,0
DA:467,0
DA:468,0
DA:469,0
DA:470,0
DA:472,0
DA:473,0
DA:474,0
DA:475,0
DA:476,25
DA:478,211
DA:479,2
DA:480,2
DA:481,2
DA:482,2
DA:483,2
DA:484,2
DA:485,2
DA:487,211
DA:488,8
DA:490,8
DA:491,8
DA:494,8
DA:495,8
DA:498,8
DA:499,8
DA:500,8
DA:501,8
DA:502,8
DA:503,0
DA:504,8
DA:507,8
DA:508,8
DA:509,8
DA:512,8
DA:513,16
DA:514,16
DA:515,16
DA:516,16
DA:517,16
DA:518,16
DA:519,8
DA:521,8
DA:522,8
DA:523,8
DA:525,8
DA:526,8
DA:527,8
DA:530,8
DA:533,8
DA:534,8
DA:535,8
DA:537,8
DA:538,8
DA:539,8
DA:542,8
DA:543,8
DA:544,8
DA:545,8
DA:546,8
DA:547,8
DA:549,7
DA:550,7
DA:551,7
DA:552,8
DA:554,8
DA:556,0
DA:557,0
DA:558,0
DA:559,0
DA:560,0
DA:561,0
DA:563,8
DA:564,8
DA:565,8
DA:566,6
DA:567,6
DA:568,8
DA:570,1
DA:571,1
DA:572,1
DA:573,8
DA:574,1
DA:575,1
DA:576,1
DA:577,8
DA:578,8
DA:579,8
DA:580,8
DA:583,211
DA:585,211
DA:586,211
DA:587,0
DA:588,0
DA:589,0
DA:590,211
DA:591,152
DA:592,0
DA:593,0
DA:594,0
DA:595,152
DA:596,211
DA:597,211
DA:598,211
DA:599,211
DA:601,211
DA:602,254
DA:603,254
DA:604,254
DA:605,254
DA:606,0
DA:607,0
DA:608,254
DA:609,211
DA:611,211
DA:612,211
DA:615,211
DA:616,211
DA:617,211
DA:619,211
DA:620,211
DA:621,211
DA:622,211
DA:623,211
DA:625,211
DA:626,211
DA:628,211
DA:629,211
DA:630,211
DA:631,211
DA:632,211
DA:633,211
DA:634,211
DA:635,211
DA:637,211
DA:638,211
DA:639,211
DA:640,211
DA:641,211
DA:642,211
DA:643,211
DA:644,211
DA:645,211
DA:646,211
DA:647,211
DA:649,211
DA:650,211
DA:651,211
DA:652,211
DA:653,211
DA:654,211
DA:656,211
DA:657,79
DA:658,79
DA:659,79
DA:660,79
DA:661,79
DA:662,79
DA:663,79
DA:664,79
DA:666,79
DA:667,79
DA:668,79
DA:669,79
DA:670,79
DA:671,79
DA:672,79
DA:673,79
DA:674,79
DA:675,79
DA:676,79
DA:677,79
DA:678,132
DA:679,108
DA:680,108
DA:681,108
DA:682,75
DA:683,33
DA:684,0
DA:685,33
DA:686,2
DA:687,33
DA:688,108
DA:691,108
DA:692,75
DA:693,75
DA:695,75
DA:696,75
DA:697,75
DA:698,75
DA:699,75
DA:700,75
DA:704,108
DA:705,108
DA:706,33
DA:707,33
DA:708,33
DA:710,33
DA:711,33
DA:712,33
DA:713,33
DA:715,33
DA:717,75
DA:718,75
DA:719,8
DA:720,8
DA:721,8
DA:722,75
DA:723,75
DA:725,75
DA:726,75
DA:727,75
DA:728,75
DA:729,75
DA:730,75
DA:731,75
DA:732,75
DA:733,75
DA:734,75
DA:735,75
DA:736,75
DA:737,75
DA:738,75
DA:739,75
DA:740,75
DA:741,75
DA:742,75
DA:743,75
DA:744,75
DA:747,75
DA:748,8
DA:749,8
DA:750,8
DA:751,8
DA:752,8
DA:753,8
DA:755,8
DA:758,75
DA:759,75
DA:760,75
DA:761,75
DA:762,75
DA:763,75
DA:764,75
DA:765,75
DA:766,75
DA:767,75
DA:768,75
DA:769,75
DA:771,75
DA:772,75
DA:774,75
DA:775,75
DA:776,75
DA:777,75
DA:779,75
DA:780,75
DA:781,75
DA:782,75
DA:784,75
DA:785,75
DA:787,108
DA:790,108
DA:791,75
DA:792,75
DA:793,68
DA:794,7
DA:795,7
DA:796,7
DA:797,7
DA:798,7
DA:802,108
DA:803,2
DA:804,2
DA:805,2
DA:806,2
DA:807,2
DA:808,2
DA:809,2
DA:810,2
DA:811,2
DA:812,2
DA:813,2
DA:814,2
DA:815,2
DA:816,2
DA:818,2
DA:819,2
DA:820,2
DA:821,2
DA:823,2
DA:824,2
DA:825,2
DA:828,108
DA:829,7
DA:830,7
DA:831,7
DA:832,7
DA:833,7
DA:834,7
DA:835,7
DA:836,7
DA:837,7
DA:838,7
DA:839,7
DA:841,7
DA:843,7
DA:844,7
DA:847,108
DA:848,6
DA:850,6
DA:852,102
DA:853,102
DA:854,102
DA:855,102
DA:856,102
DA:857,102
DA:858,102
DA:859,102
DA:860,102
DA:862,102
DA:863,254
DA:864,254
DA:865,254
DA:866,254
DA:867,254
DA:868,254
DA:869,254
DA:870,254
DA:871,254
DA:872,254
DA:873,254
DA:874,254
DA:875,254
DA:876,254
DA:877,254
DA:878,254
DA:879,254
DA:882,254
DA:883,181
DA:884,181
DA:885,181
DA:886,181
DA:887,181
DA:888,25
DA:889,25
DA:890,20
DA:891,25
DA:892,25
DA:893,181
DA:894,181
DA:895,181
DA:897,254
DA:898,254
DA:899,254
DA:900,254
DA:901,254
DA:902,254
DA:903,254
DA:904,254
DA:906,254
DA:907,254
DA:909,254
DA:910,254
DA:911,254
DA:912,254
DA:913,254
DA:915,254
DA:916,254
DA:917,254
DA:918,254
DA:919,254
DA:920,254
DA:921,254
DA:922,254
DA:924,254
DA:925,254
DA:926,254
DA:927,254
DA:928,254
DA:929,254
DA:930,254
DA:931,254
DA:933,254
DA:934,149
DA:935,149
DA:936,149
DA:937,286
DA:938,143
DA:939,286
DA:940,149
DA:941,149
DA:942,149
DA:943,149
DA:944,149
DA:945,149
DA:946,0
DA:947,0
DA:948,0
DA:949,0
DA:950,0
DA:951,149
DA:952,0
DA:953,0
DA:954,0
DA:955,0
DA:956,0
DA:957,0
DA:958,0
DA:959,0
DA:960,0
DA:961,0
DA:962,0
DA:963,0
DA:964,0
DA:965,0
DA:966,0
DA:967,0
DA:968,0
DA:969,149
DA:970,0
DA:971,0
DA:972,0
DA:973,0
DA:974,0
DA:975,0
DA:976,0
DA:977,0
DA:978,0
DA:979,149
DA:981,149
DA:982,149
DA:983,149
DA:984,149
DA:985,149
DA:986,149
DA:987,149
DA:988,149
DA:989,149
DA:990,149
DA:991,149
DA:992,149
DA:993,149
DA:994,149
DA:995,149
DA:997,149
DA:998,149
DA:1000,105
DA:1001,105
DA:1002,105
DA:1003,105
DA:1004,105
DA:1005,105
DA:1006,105
DA:1009,105
DA:1011,254
DA:1012,254
DA:1014,102
DA:1015,102
DA:1017,108
DA:1019,24
DA:1020,24
DA:1021,24
DA:1022,24
DA:1023,24
DA:1024,24
DA:1025,24
DA:1026,24
DA:1028,24
DA:1029,24
DA:1030,24
DA:1031,24
DA:1032,24
DA:1033,24
DA:1034,24
DA:1035,24
DA:1036,24
DA:1037,24
DA:1038,24
DA:1040,24
DA:1041,24
DA:1043,211
DA:1045,211
DA:1047,1
LF:869
LH:700
BRDA:24,0,0,211
BRDA:66,1,0,0
BRDA:83,2,0,0
BRDA:85,3,0,0
BRDA:617,4,0,75
BRDA:622,5,0,26
BRDA:622,6,0,185
BRDA:634,7,0,26
BRDA:634,8,0,185
BRDA:656,9,0,178
BRDA:656,10,0,79
BRDA:677,11,0,132
BRDA:678,12,0,108
BRDA:681,13,0,75
BRDA:682,14,0,33
BRDA:683,15,0,0
BRDA:685,16,0,2
BRDA:686,17,0,31
BRDA:691,18,0,75
BRDA:696,19,0,0
BRDA:699,20,0,0
BRDA:705,21,0,33
BRDA:715,22,0,75
BRDA:747,23,0,8
BRDA:761,24,0,67
BRDA:761,25,0,60
BRDA:767,26,0,67
BRDA:767,27,0,60
BRDA:767,28,0,21
BRDA:767,29,0,54
BRDA:768,30,0,67
BRDA:768,31,0,60
BRDA:768,32,0,21
BRDA:768,33,0,54
BRDA:771,34,0,7
BRDA:771,35,0,68
BRDA:790,36,0,75
BRDA:792,37,0,68
BRDA:793,38,0,7
BRDA:795,39,0,0
BRDA:797,40,0,0
BRDA:802,41,0,75
BRDA:802,42,0,2
BRDA:819,43,0,0
BRDA:828,44,0,7
BRDA:847,45,0,6
BRDA:850,46,0,102
BRDA:1017,47,0,24
BRDA:40,48,0,24
BRDA:69,49,0,54
BRDA:70,50,0,0
BRDA:81,51,0,211
BRDA:87,52,0,23
BRDA:89,53,0,69
BRDA:89,54,0,23
BRDA:89,55,0,46
BRDA:93,56,0,28
BRDA:99,57,0,354
BRDA:100,58,0,0
BRDA:101,59,0,147
BRDA:101,60,0,207
BRDA:102,61,0,0
BRDA:108,62,0,25
BRDA:110,63,0,53
BRDA:115,64,0,218
BRDA:117,65,0,0
BRDA:119,66,0,150
BRDA:121,67,0,150
BRDA:124,68,0,150
BRDA:124,69,0,68
BRDA:127,70,0,0
BRDA:132,71,0,190
BRDA:134,72,0,132
BRDA:134,73,0,58
BRDA:234,74,0,60
BRDA:235,75,0,12
BRDA:235,76,0,36
BRDA:242,77,0,54
BRDA:243,78,0,6
BRDA:245,79,0,0
BRDA:248,80,0,0
BRDA:251,81,0,48
BRDA:252,82,0,23
BRDA:252,83,0,48
BRDA:252,84,0,29
BRDA:252,85,0,25
BRDA:252,86,0,23
BRDA:277,87,0,0
BRDA:279,88,0,23
BRDA:281,89,0,0
BRDA:281,90,0,23
BRDA:261,91,0,50
BRDA:262,92,0,44
BRDA:262,93,0,37
BRDA:266,94,0,13
BRDA:268,95,0,0
BRDA:286,96,0,50
BRDA:286,97,0,27
BRDA:290,98,0,37
BRDA:302,99,0,38
BRDA:303,100,0,0
BRDA:304,101,0,23
BRDA:304,102,0,36
BRDA:304,103,0,27
BRDA:304,104,0,23
BRDA:304,105,0,15
BRDA:306,106,0,30
BRDA:306,107,0,15
BRDA:318,108,0,15
BRDA:319,109,0,0
BRDA:321,110,0,7
BRDA:321,111,0,8
BRDA:324,112,0,24
BRDA:325,113,0,37
BRDA:332,114,0,9
BRDA:332,115,0,28
BRDA:327,116,0,18
BRDA:328,117,0,0
BRDA:328,118,0,0
BRDA:329,119,0,9
BRDA:330,120,0,0
BRDA:335,121,0,24
BRDA:336,122,0,37
BRDA:343,123,0,9
BRDA:343,124,0,28
BRDA:338,125,0,18
BRDA:339,126,0,0
BRDA:339,127,0,0
BRDA:340,128,0,9
BRDA:341,129,0,0
BRDA:350,130,0,15
BRDA:359,131,0,23
BRDA:364,132,0,54
BRDA:369,133,0,96
BRDA:370,134,0,93
BRDA:370,135,0,71
BRDA:370,136,0,25
BRDA:371,137,0,92
BRDA:371,138,0,88
BRDA:371,139,0,3
BRDA:371,140,0,22
BRDA:373,141,0,0
BRDA:373,142,0,22
BRDA:375,143,0,54
BRDA:376,144,0,42
BRDA:376,145,0,26
BRDA:376,146,0,28
BRDA:378,147,0,28
BRDA:378,148,0,0
BRDA:381,149,0,0
BRDA:381,150,0,0
BRDA:391,151,0,96
BRDA:392,152,0,28
BRDA:400,153,0,38
BRDA:402,154,0,3
BRDA:405,155,0,35
BRDA:405,156,0,0
BRDA:409,157,0,38
BRDA:410,158,0,12
BRDA:410,159,0,0
BRDA:411,160,0,0
BRDA:429,161,0,3
BRDA:435,162,0,35
BRDA:444,163,0,0
BRDA:445,164,0,35
BRDA:445,165,0,0
BRDA:448,166,0,35
BRDA:450,167,0,0
BRDA:437,168,0,35
BRDA:457,169,0,25
BRDA:465,170,0,0
BRDA:463,171,0,25
BRDA:463,172,0,2
BRDA:463,173,0,23
BRDA:463,174,0,2
BRDA:478,175,0,2
BRDA:487,176,0,8
BRDA:488,177,0,0
BRDA:491,178,0,0
BRDA:499,179,0,0
BRDA:500,180,0,0
BRDA:502,181,0,0
BRDA:522,182,0,1
BRDA:522,183,0,1
BRDA:547,184,0,7
BRDA:552,185,0,0
BRDA:552,186,0,7
BRDA:554,187,0,0
BRDA:561,188,0,7
BRDA:564,189,0,7
BRDA:565,190,0,6
BRDA:565,191,0,6
BRDA:568,192,0,1
BRDA:573,193,0,1
BRDA:576,194,0,0
BRDA:490,195,0,19
BRDA:508,196,0,16
BRDA:508,197,0,6
BRDA:508,198,0,0
BRDA:509,199,0,16
BRDA:509,200,0,6
BRDA:509,201,0,0
BRDA:512,202,0,16
BRDA:513,203,0,0
BRDA:513,204,0,0
BRDA:517,205,0,6
BRDA:518,206,0,0
BRDA:583,207,0,2
BRDA:583,208,0,2
BRDA:585,209,0,211
BRDA:586,210,0,0
BRDA:590,211,0,152
BRDA:591,212,0,0
BRDA:601,213,0,254
BRDA:602,214,0,152
BRDA:605,215,0,0
BRDA:615,216,0,152
BRDA:718,217,0,8
BRDA:730,218,0,7
BRDA:739,219,0,1
BRDA:831,220,0,7
BRDA:862,221,0,254
BRDA:882,222,0,181
BRDA:910,223,0,56
BRDA:933,224,0,149
BRDA:933,225,0,149
BRDA:998,226,0,105
BRDA:887,227,0,25
BRDA:889,228,0,22
BRDA:889,229,0,5
BRDA:889,230,0,20
BRDA:936,231,0,286
BRDA:937,232,0,143
BRDA:944,233,0,12
BRF:234
BRH:180
end_of_record
TN:
SF:melodex-front-end\src\components\SongRanker.jsx
FN:1,(empty-report)
FNF:1
FNH:1
FNDA:1,(empty-report)
DA:2,0
DA:3,0
DA:4,0
DA:5,0
DA:6,0
DA:8,0
DA:9,0
DA:10,0
DA:11,0
DA:12,0
DA:13,0
DA:14,0
DA:15,0
DA:16,0
DA:17,0
DA:18,0
DA:19,0
DA:20,0
DA:21,0
DA:22,0
DA:23,0
DA:24,0
DA:25,0
DA:26,0
DA:27,0
DA:29,0
DA:30,0
DA:31,0
DA:32,0
DA:33,0
DA:34,0
DA:35,0
DA:36,0
DA:38,0
DA:39,0
DA:40,0
DA:41,0
DA:42,0
DA:43,0
DA:44,0
DA:46,0
DA:47,0
DA:48,0
DA:50,0
DA:51,0
DA:52,0
DA:53,0
DA:54,0
DA:55,0
DA:57,0
DA:58,0
DA:59,0
DA:60,0
DA:61,0
DA:63,0
DA:64,0
DA:65,0
DA:66,0
DA:67,0
DA:68,0
DA:69,0
DA:70,0
DA:71,0
DA:73,0
DA:74,0
DA:75,0
DA:76,0
DA:77,0
DA:78,0
DA:79,0
DA:80,0
DA:81,0
DA:82,0
DA:83,0
DA:84,0
DA:85,0
DA:86,0
DA:87,0
DA:88,0
DA:89,0
DA:90,0
DA:91,0
DA:92,0
DA:93,0
DA:94,0
DA:95,0
DA:96,0
DA:97,0
DA:98,0
DA:99,0
DA:100,0
DA:101,0
DA:102,0
DA:105,0
DA:106,0
DA:107,0
DA:108,0
DA:109,0
DA:110,0
DA:111,0
DA:113,0
DA:114,0
DA:115,0
DA:116,0
DA:117,0
DA:118,0
DA:119,0
DA:121,0
DA:122,0
DA:123,0
DA:125,0
DA:126,0
DA:127,0
DA:128,0
DA:129,0
DA:130,0
DA:131,0
DA:132,0
DA:133,0
DA:134,0
DA:135,0
DA:136,0
DA:137,0
DA:138,0
DA:139,0
DA:140,0
DA:141,0
DA:142,0
DA:143,0
DA:144,0
DA:145,0
DA:146,0
DA:147,0
DA:148,0
DA:149,0
DA:150,0
DA:151,0
DA:152,0
DA:153,0
DA:154,0
DA:156,0
DA:157,0
DA:158,0
DA:159,0
DA:160,0
DA:162,0
DA:163,0
DA:164,0
DA:165,0
DA:167,0
DA:168,0
DA:169,0
DA:170,0
DA:172,0
DA:173,0
DA:174,0
DA:175,0
DA:176,0
DA:178,0
DA:179,0
DA:180,0
DA:181,0
DA:182,0
DA:183,0
DA:184,0
DA:185,0
DA:186,0
DA:187,0
DA:188,0
DA:189,0
DA:190,0
DA:191,0
DA:192,0
DA:193,0
DA:194,0
DA:195,0
DA:196,0
DA:197,0
DA:198,0
DA:199,0
DA:200,0
DA:201,0
DA:202,0
DA:203,0
DA:204,0
DA:205,0
DA:207,0
DA:208,0
DA:209,0
DA:210,0
DA:211,0
DA:212,0
DA:213,0
DA:214,0
DA:215,0
DA:216,0
DA:217,0
DA:218,0
DA:219,0
DA:220,0
DA:221,0
DA:222,0
DA:223,0
DA:224,0
DA:225,0
DA:227,0
DA:228,0
DA:229,0
DA:230,0
DA:231,0
DA:233,0
DA:234,0
DA:235,0
DA:236,0
DA:237,0
DA:238,0
DA:239,0
DA:240,0
DA:241,0
DA:242,0
DA:243,0
DA:244,0
DA:245,0
DA:247,0
DA:248,0
DA:250,0
DA:251,0
DA:252,0
DA:253,0
DA:254,0
DA:255,0
DA:256,0
DA:257,0
DA:259,0
DA:260,0
DA:261,0
DA:262,0
DA:263,0
DA:264,0
DA:265,0
DA:266,0
DA:267,0
DA:269,0
DA:270,0
DA:271,0
DA:272,0
DA:273,0
DA:274,0
DA:275,0
DA:276,0
DA:277,0
DA:278,0
DA:279,0
DA:280,0
DA:281,0
DA:282,0
DA:283,0
DA:284,0
DA:285,0
DA:286,0
DA:287,0
DA:288,0
DA:289,0
DA:290,0
DA:291,0
DA:292,0
DA:293,0
DA:294,0
DA:295,0
DA:296,0
DA:298,0
DA:300,0
DA:301,0
DA:302,0
DA:303,0
DA:304,0
DA:305,0
DA:306,0
DA:307,0
DA:309,0
DA:310,0
DA:311,0
DA:312,0
DA:313,0
DA:314,0
DA:315,0
DA:316,0
DA:317,0
DA:318,0
DA:319,0
DA:320,0
DA:321,0
DA:322,0
DA:323,0
DA:324,0
DA:326,0
DA:327,0
DA:328,0
DA:329,0
DA:330,0
DA:331,0
DA:332,0
DA:333,0
DA:334,0
DA:336,0
DA:338,0
DA:340,0
LF:307
LH:0
BRDA:1,0,0,1
BRF:1
BRH:1
end_of_record
TN:
SF:melodex-front-end\src\contexts\SongContext.jsx
FN:7,useSongContext
FN:13,SongProvider
FN:63,runBurstPrefetch
FN:200,generateNewSongs
FN:240,fetchReRankingData
FN:325,selectSong
FN:401,skipSong
FNF:7
FNH:3
FNDA:253,useSongContext
FNDA:59,SongProvider
FNDA:24,runBurstPrefetch
FNDA:0,generateNewSongs
FNDA:0,fetchReRankingData
FNDA:0,selectSong
FNDA:0,skipSong
DA:2,1
DA:3,1
DA:5,1
DA:7,1
DA:8,253
DA:9,253
DA:10,253
DA:11,253
DA:13,1
DA:14,59
DA:15,59
DA:17,59
DA:18,59
DA:19,59
DA:20,59
DA:21,59
DA:22,59
DA:23,59
DA:26,59
DA:27,59
DA:29,59
DA:30,59
DA:31,59
DA:34,59
DA:35,59
DA:36,59
DA:39,59
DA:40,59
DA:41,59
DA:42,59
DA:45,59
DA:46,59
DA:47,59
DA:48,59
DA:49,59
DA:51,59
DA:52,12
DA:53,12
DA:54,59
DA:56,59
DA:57,19
DA:58,19
DA:59,59
DA:62,59
DA:63,24
DA:64,24
DA:65,24
DA:66,24
DA:68,24
DA:69,24
DA:70,12
DA:71,12
DA:72,0
DA:73,0
DA:74,0
DA:75,0
DA:76,0
DA:77,0
DA:79,24
DA:80,24
DA:81,24
DA:82,24
DA:83,24
DA:84,24
DA:85,24
DA:86,24
DA:87,24
DA:88,24
DA:89,24
DA:90,24
DA:91,24
DA:92,24
DA:94,0
DA:95,0
DA:96,0
DA:97,0
DA:99,0
DA:100,0
DA:102,0
DA:104,0
DA:105,0
DA:107,0
DA:108,0
DA:110,0
DA:111,0
DA:112,0
DA:113,0
DA:115,0
DA:117,0
DA:118,0
DA:119,0
DA:120,0
DA:121,0
DA:122,0
DA:123,0
DA:124,0
DA:125,0
DA:126,24
DA:127,0
DA:128,0
DA:129,0
DA:130,0
DA:131,0
DA:132,0
DA:133,24
DA:135,24
DA:136,59
DA:137,59
DA:138,59
DA:139,59
DA:140,59
DA:141,59
DA:142,59
DA:143,59
DA:146,59
DA:147,24
DA:148,0
DA:149,0
DA:150,0
DA:151,0
DA:152,0
DA:153,0
DA:154,0
DA:155,24
DA:156,24
DA:157,24
DA:158,24
DA:159,12
DA:160,0
DA:161,24
DA:162,0
DA:163,0
DA:164,0
DA:165,0
DA:166,0
DA:167,0
DA:168,0
DA:169,0
DA:170,0
DA:171,0
DA:172,59
DA:174,59
DA:175,0
DA:176,0
DA:177,0
DA:178,0
DA:179,0
DA:180,0
DA:181,0
DA:182,0
DA:183,0
DA:184,0
DA:185,0
DA:186,0
DA:187,0
DA:188,0
DA:189,0
DA:190,0
DA:191,0
DA:192,0
DA:193,0
DA:194,0
DA:195,0
DA:196,0
DA:197,0
DA:198,59
DA:200,59
DA:201,0
DA:202,0
DA:203,0
DA:204,0
DA:205,0
DA:206,0
DA:207,0
DA:208,0
DA:209,0
DA:210,0
DA:211,0
DA:213,0
DA:214,0
DA:215,0
DA:216,0
DA:217,0
DA:218,0
DA:219,0
DA:220,0
DA:222,0
DA:223,0
DA:224,0
DA:225,0
DA:226,0
DA:227,0
DA:228,0
DA:229,0
DA:230,0
DA:231,0
DA:232,0
DA:233,0
DA:234,0
DA:235,0
DA:236,0
DA:237,0
DA:238,0
DA:240,59
DA:241,0
DA:242,0
DA:243,0
DA:244,0
DA:245,0
DA:246,0
DA:247,0
DA:248,0
DA:249,0
DA:250,0
DA:251,0
DA:252,0
DA:253,0
DA:254,0
DA:255,0
DA:256,0
DA:257,0
DA:258,0
DA:259,0
DA:260,0
DA:261,0
DA:262,0
DA:263,0
DA:264,0
DA:265,0
DA:266,0
DA:267,0
DA:268,0
DA:269,0
DA:270,0
DA:271,0
DA:272,0
DA:273,0
DA:274,0
DA:275,0
DA:276,0
DA:277,0
DA:278,0
DA:280,59
DA:281,26
DA:282,26
DA:283,26
DA:284,0
DA:285,0
DA:286,0
DA:287,0
DA:288,26
DA:289,26
DA:290,26
DA:291,26
DA:293,26
DA:294,26
DA:295,26
DA:296,26
DA:298,26
DA:299,26
DA:300,26
DA:301,26
DA:302,26
DA:304,26
DA:306,26
DA:307,26
DA:308,26
DA:309,26
DA:310,26
DA:311,26
DA:312,0
DA:313,0
DA:314,0
DA:315,26
DA:316,0
DA:317,0
DA:318,0
DA:319,26
DA:320,26
DA:321,26
DA:322,26
DA:323,59
DA:325,59
DA:326,0
DA:327,0
DA:328,0
DA:329,0
DA:330,0
DA:331,0
DA:332,0
DA:333,0
DA:334,0
DA:335,0
DA:336,0
DA:337,0
DA:338,0
DA:339,0
DA:340,0
DA:342,0
DA:343,0
DA:344,0
DA:345,0
DA:346,0
DA:347,0
DA:348,0
DA:349,0
DA:350,0
DA:351,0
DA:352,0
DA:353,0
DA:354,0
DA:355,0
DA:356,0
DA:357,0
DA:358,0
DA:359,0
DA:360,0
DA:361,0
DA:363,0
DA:364,0
DA:365,0
DA:366,0
DA:367,0
DA:368,0
DA:370,0
DA:372,0
DA:374,0
DA:375,0
DA:376,0
DA:377,0
DA:378,0
DA:379,0
DA:380,0
DA:381,0
DA:382,0
DA:383,0
DA:385,0
DA:386,0
DA:387,0
DA:388,0
DA:389,0
DA:390,0
DA:391,0
DA:392,0
DA:393,0
DA:394,0
DA:395,0
DA:396,0
DA:397,0
DA:398,0
DA:399,0
DA:401,59
DA:402,0
DA:403,0
DA:404,0
DA:405,0
DA:406,0
DA:407,0
DA:408,0
DA:409,0
DA:410,0
DA:411,0
DA:412,0
DA:413,0
DA:414,0
DA:415,0
DA:416,0
DA:418,0
DA:419,0
DA:420,0
DA:421,0
DA:422,0
DA:423,0
DA:424,0
DA:425,0
DA:426,0
DA:427,0
DA:428,0
DA:429,0
DA:430,0
DA:432,0
DA:433,0
DA:434,0
DA:435,0
DA:436,0
DA:437,0
DA:438,0
DA:440,0
DA:441,0
DA:442,0
DA:443,0
DA:444,0
DA:445,0
DA:446,0
DA:447,0
DA:448,0
DA:449,0
DA:450,0
DA:451,0
DA:452,0
DA:453,0
DA:454,0
DA:455,0
DA:456,0
DA:457,0
DA:458,0
DA:459,0
DA:460,0
DA:461,0
DA:462,0
DA:463,0
DA:464,0
DA:465,0
DA:467,59
DA:468,0
DA:469,0
DA:470,0
DA:471,0
DA:472,0
DA:473,0
DA:474,0
DA:475,0
DA:476,0
DA:477,0
DA:478,0
DA:479,0
DA:480,0
DA:481,0
DA:482,0
DA:483,0
DA:484,0
DA:485,0
DA:486,0
DA:487,0
DA:488,0
DA:489,0
DA:490,0
DA:491,0
DA:492,0
DA:493,0
DA:494,59
DA:496,59
DA:497,12
DA:498,59
DA:500,59
DA:501,59
DA:502,59
DA:503,59
DA:504,59
DA:505,59
DA:506,59
DA:507,59
DA:508,59
DA:509,59
DA:510,59
DA:511,59
DA:512,59
DA:513,59
DA:514,59
DA:515,59
DA:516,59
DA:517,59
DA:518,59
DA:519,59
DA:520,59
DA:521,59
DA:522,59
DA:523,59
DA:524,59
DA:525,59
DA:526,59
DA:527,59
DA:529,59
DA:530,59
DA:532,59
DA:534,1
LF:476
LH:159
BRDA:7,0,0,253
BRDA:9,1,0,0
BRDA:13,2,0,59
BRDA:41,3,0,12
BRDA:42,4,0,12
BRDA:51,5,0,12
BRDA:53,6,0,12
BRDA:56,7,0,19
BRDA:62,8,0,24
BRDA:63,9,0,24
BRDA:69,10,0,12
BRDA:70,11,0,12
BRDA:71,12,0,0
BRDA:72,13,0,0
BRDA:73,14,0,0
BRDA:74,15,0,0
BRDA:75,16,0,0
BRDA:76,17,0,0
BRDA:92,18,0,0
BRDA:126,19,0,0
BRDA:146,20,0,24
BRDA:147,21,0,0
BRDA:158,22,0,12
BRDA:159,23,0,0
BRDA:161,24,0,0
BRDA:280,25,0,26
BRDA:281,26,0,0
BRDA:283,27,0,0
BRDA:295,28,0,2
BRDA:296,29,0,0
BRDA:304,30,0,0
BRDA:311,31,0,0
BRDA:315,32,0,0
BRDA:496,33,0,12
BRF:34
BRH:16
end_of_record
TN:
SF:melodex-front-end\src\utils\deeplink.js
FN:2,buildDeepLink
FNF:1
FNH:1
FNDA:8,buildDeepLink
DA:1,1
DA:2,1
DA:3,8
DA:4,8
DA:5,8
DA:6,8
DA:7,8
DA:8,8
LF:8
LH:8
BRDA:2,0,0,8
BRDA:5,1,0,0
BRDA:6,2,0,0
BRF:3
BRH:1
end_of_record
TN:
SF:melodex-front-end\src\utils\formatDefaultPlaylistName.js
FN:2,formatDefaultPlaylistName
FNF:1
FNH:1
FNDA:23,formatDefaultPlaylistName
DA:1,1
DA:2,1
DA:3,23
DA:4,23
DA:5,23
DA:6,23
DA:7,23
LF:7
LH:7
BRDA:2,0,0,23
BRF:1
BRH:1
end_of_record
TN:
SF:melodex-front-end\src\utils\spotifyAuthGuard.js
FN:3,ensureSpotifyConnected
FN:6,sessionProbe
FNF:2
FNH:2
FNDA:8,ensureSpotifyConnected
FNDA:11,sessionProbe
DA:1,1
DA:2,1
DA:3,1
DA:4,8
DA:5,8
DA:6,8
DA:7,11
DA:8,11
DA:9,5
DA:10,5
DA:11,11
DA:12,8
DA:13,8
DA:14,8
DA:15,8
DA:16,6
DA:17,6
DA:18,8
DA:19,5
DA:20,5
DA:21,4
DA:22,3
DA:23,3
DA:24,3
DA:25,5
DA:26,5
DA:27,4
DA:28,4
DA:29,4
DA:30,8
DA:31,1
DA:32,1
DA:33,1
DA:34,8
DA:35,1
DA:36,1
DA:37,1
DA:38,1
DA:39,1
DA:40,1
DA:41,1
DA:42,1
DA:43,1
DA:44,1
LF:44
LH:44
BRDA:3,0,0,8
BRDA:15,1,0,7
BRDA:15,2,0,2
BRDA:15,3,0,1
BRDA:16,4,0,6
BRDA:18,5,0,5
BRDA:18,6,0,5
BRDA:21,7,0,4
BRDA:21,8,0,3
BRDA:23,9,0,2
BRDA:25,10,0,1
BRDA:26,11,0,4
BRDA:30,12,0,1
BRDA:6,13,0,11
BRDA:8,14,0,10
BRDA:8,15,0,5
BRF:16
BRH:16
end_of_record
TN:
SF:melodex-front-end\src\utils\spotifyExport.js
FN:15,postUrisInChunks
FN:15,postFn
FN:37,buildFilters
FN:38,norm
FN:59,_norm
FN:69,_parseDecadeWindow
FN:91,_extractYear
FN:106,selectRankedByRules
FN:121,matchesDecade
FN:213,mapDeezerToSpotifyUris
FN:213,search
FN:217,normText
FN:225,scrubTitle
FN:249,isVariant
FN:251,pickBest
FN:328,buildCreatePayload
FNF:16
FNH:13
FNDA:8,postUrisInChunks
FNDA:0,postFn
FNDA:11,buildFilters
FNDA:22,norm
FNDA:302,_norm
FNDA:18,_parseDecadeWindow
FNDA:0,_extractYear
FNDA:19,selectRankedByRules
FNDA:58,matchesDecade
FNDA:12,mapDeezerToSpotifyUris
FNDA:0,search
FNDA:14,normText
FNDA:7,scrubTitle
FNDA:4,isVariant
FNDA:2,pickBest
FNDA:3,buildCreatePayload
DA:1,1
DA:2,1
DA:3,1
DA:4,1
DA:5,1
DA:6,1
DA:7,1
DA:8,1
DA:9,1
DA:10,1
DA:11,1
DA:12,1
DA:13,1
DA:14,1
DA:15,1
DA:16,8
DA:17,8
DA:18,8
DA:19,8
DA:20,3
DA:21,3
DA:22,8
DA:23,4
DA:24,4
DA:25,4
DA:26,4
DA:27,8
DA:28,9
DA:29,9
DA:30,9
DA:31,9
DA:32,9
DA:33,4
DA:34,4
DA:35,1
DA:36,1
DA:37,1
DA:38,11
DA:39,11
DA:40,11
DA:41,11
DA:42,11
DA:43,11
DA:44,11
DA:45,11
DA:46,6
DA:47,6
DA:48,11
DA:49,4
DA:50,4
DA:51,4
DA:52,8
DA:53,4
DA:54,4
DA:55,1
DA:56,1
DA:57,1
DA:58,1
DA:59,302
DA:60,302
DA:61,302
DA:62,302
DA:63,302
DA:64,302
DA:65,1
DA:66,1
DA:67,1
DA:68,1
DA:69,18
DA:70,18
DA:71,18
DA:72,18
DA:73,12
DA:74,12
DA:75,18
DA:76,7
DA:77,7
DA:78,7
DA:79,5
DA:80,5
DA:81,15
DA:82,4
DA:83,4
DA:84,4
DA:85,4
DA:86,2
DA:87,2
DA:88,1
DA:89,1
DA:90,1
DA:91,0
DA:92,0
DA:93,0
DA:94,0
DA:95,0
DA:96,0
DA:97,0
DA:98,1
DA:99,1
DA:100,1
DA:101,1
DA:102,1
DA:103,1
DA:104,1
DA:105,1
DA:106,1
DA:107,19
DA:108,18
DA:109,19
DA:110,19
DA:111,19
DA:112,19
DA:113,19
DA:114,19
DA:115,19
DA:116,19
DA:117,19
DA:118,19
DA:119,19
DA:120,19
DA:121,19
DA:122,58
DA:123,58
DA:124,41
DA:125,41
DA:126,58
DA:127,8
DA:128,8
DA:129,6
DA:130,6
DA:131,2
DA:132,8
DA:133,1
DA:134,1
DA:135,1
DA:136,1
DA:137,1
DA:138,1
DA:139,1
DA:140,33
DA:141,33
DA:142,33
DA:143,33
DA:144,33
DA:145,33
DA:146,24
DA:147,24
DA:148,0
DA:149,0
DA:150,0
DA:151,24
DA:152,24
DA:153,9
DA:154,9
DA:155,9
DA:156,33
DA:157,4
DA:158,4
DA:159,0
DA:160,0
DA:161,4
DA:162,4
DA:163,5
DA:164,5
DA:165,5
DA:166,5
DA:167,0
DA:168,0
DA:169,58
DA:170,19
DA:171,19
DA:172,98
DA:173,98
DA:174,98
DA:175,98
DA:176,98
DA:177,34
DA:178,34
DA:179,98
DA:180,12
DA:181,12
DA:182,69
DA:183,69
DA:184,69
DA:185,92
DA:186,52
DA:187,52
DA:188,52
DA:189,58
DA:190,58
DA:191,90
DA:192,30
DA:193,30
DA:194,19
DA:195,19
DA:196,1
DA:197,1
DA:198,1
DA:199,1
DA:200,1
DA:201,1
DA:202,1
DA:203,1
DA:204,1
DA:205,1
DA:206,1
DA:207,1
DA:208,1
DA:209,1
DA:210,1
DA:211,1
DA:212,1
DA:213,1
DA:214,12
DA:215,12
DA:216,12
DA:217,12
DA:218,14
DA:219,14
DA:220,14
DA:221,14
DA:222,12
DA:223,12
DA:224,12
DA:225,12
DA:226,7
DA:227,7
DA:228,7
DA:229,7
DA:230,7
DA:231,7
DA:232,7
DA:233,7
DA:234,7
DA:235,7
DA:236,7
DA:237,7
DA:238,7
DA:239,7
DA:240,7
DA:241,7
DA:242,7
DA:243,7
DA:244,7
DA:245,7
DA:246,12
DA:247,12
DA:248,12
DA:249,12
DA:250,12
DA:251,12
DA:252,2
DA:253,2
DA:254,2
DA:255,2
DA:256,2
DA:257,1
DA:258,1
DA:259,1
DA:260,1
DA:261,1
DA:262,2
DA:263,12
DA:264,12
DA:265,12
DA:266,22
DA:267,18
DA:268,18
DA:269,22
DA:270,22
DA:271,1
DA:272,1
DA:273,1
DA:274,1
DA:275,1
DA:276,1
DA:277,1
DA:278,17
DA:279,17
DA:280,17
DA:281,17
DA:282,17
DA:283,22
DA:284,22
DA:285,11
DA:286,11
DA:287,10
DA:288,11
DA:289,0
DA:290,0
DA:291,0
DA:292,11
DA:293,17
DA:294,17
DA:295,22
DA:296,7
DA:297,7
DA:298,7
DA:299,6
DA:300,6
DA:301,3
DA:302,3
DA:303,2
DA:304,2
DA:305,2
DA:306,6
DA:307,7
DA:308,17
DA:309,22
DA:310,15
DA:311,14
DA:312,14
DA:313,14
DA:314,15
DA:315,22
DA:316,12
DA:317,12
DA:318,12
DA:319,1
DA:320,1
DA:321,1
DA:322,1
DA:323,1
DA:324,1
DA:325,1
DA:326,1
DA:327,1
DA:328,1
DA:329,3
DA:330,3
DA:331,3
DA:332,3
DA:333,3
DA:334,3
DA:335,3
DA:336,3
DA:337,3
DA:338,3
DA:339,3
DA:340,3
DA:341,3
DA:342,3
DA:343,3
LF:343
LH:326
BRDA:15,0,0,8
BRDA:16,1,0,0
BRDA:19,2,0,7
BRDA:19,3,0,3
BRDA:21,4,0,5
BRDA:22,5,0,1
BRDA:23,6,0,4
BRDA:27,7,0,9
BRDA:32,8,0,4
BRDA:37,9,0,11
BRDA:45,10,0,7
BRDA:45,11,0,5
BRDA:46,12,0,9
BRDA:46,13,0,6
BRDA:48,14,0,2
BRDA:48,15,0,2
BRDA:49,16,0,8
BRDA:49,17,0,4
BRDA:52,18,0,1
BRDA:53,19,0,4
BRDA:38,20,0,22
BRDA:39,21,0,11
BRDA:39,22,0,11
BRDA:59,23,0,302
BRDA:60,24,0,0
BRDA:69,25,0,18
BRDA:70,26,0,0
BRDA:72,27,0,6
BRDA:73,28,0,12
BRDA:75,29,0,7
BRDA:78,30,0,15
BRDA:78,31,0,5
BRDA:81,32,0,4
BRDA:84,33,0,3
BRDA:85,34,0,2
BRDA:106,35,0,19
BRDA:107,36,0,1
BRDA:108,37,0,18
BRDA:109,38,0,0
BRDA:110,39,0,0
BRDA:112,40,0,0
BRDA:121,41,0,58
BRDA:123,42,0,17
BRDA:124,43,0,41
BRDA:126,44,0,8
BRDA:127,45,0,0
BRDA:128,46,0,6
BRDA:129,47,0,4
BRDA:130,48,0,2
BRDA:132,49,0,1
BRDA:135,50,0,0
BRDA:139,51,0,33
BRDA:145,52,0,24
BRDA:148,53,0,0
BRDA:152,54,0,9
BRDA:156,55,0,4
BRDA:159,56,0,0
BRDA:162,57,0,5
BRDA:166,58,0,0
BRDA:171,59,0,98
BRDA:176,60,0,34
BRDA:177,61,0,23
BRDA:178,62,0,28
BRDA:178,63,0,11
BRDA:178,64,0,7
BRDA:178,65,0,0
BRDA:179,66,0,64
BRDA:179,67,0,12
BRDA:180,68,0,6
BRDA:181,69,0,92
BRDA:181,70,0,69
BRDA:185,71,0,52
BRDA:187,72,0,43
BRDA:187,73,0,11
BRDA:188,74,0,90
BRDA:188,75,0,58
BRDA:191,76,0,28
BRDA:192,77,0,30
BRDA:213,78,0,12
BRDA:265,79,0,22
BRDA:266,80,0,20
BRDA:266,81,0,19
BRDA:266,82,0,4
BRDA:267,83,0,18
BRDA:269,84,0,17
BRDA:269,85,0,17
BRDA:270,86,0,1
BRDA:270,87,0,1
BRDA:277,88,0,17
BRDA:283,89,0,11
BRDA:283,90,0,6
BRDA:284,91,0,11
BRDA:286,92,0,10
BRDA:286,93,0,10
BRDA:288,94,0,1
BRDA:288,95,0,0
BRDA:288,96,0,0
BRDA:292,97,0,17
BRDA:295,98,0,7
BRDA:296,99,0,0
BRDA:298,100,0,6
BRDA:300,101,0,5
BRDA:300,102,0,3
BRDA:302,103,0,2
BRDA:302,104,0,2
BRDA:304,105,0,0
BRDA:307,106,0,17
BRDA:309,107,0,15
BRDA:309,108,0,15
BRDA:310,109,0,14
BRDA:217,110,0,14
BRDA:218,111,0,0
BRDA:225,112,0,7
BRDA:249,113,0,4
BRDA:249,114,0,0
BRDA:251,115,0,2
BRDA:254,116,0,0
BRDA:255,117,0,0
BRDA:256,118,0,1
BRDA:262,119,0,0
BRDA:253,120,0,4
BRDA:259,121,0,2
BRDA:259,122,0,0
BRDA:260,123,0,2
BRDA:261,124,0,1
BRDA:328,125,0,3
BRDA:335,126,0,0
BRDA:335,127,0,1
BRDA:336,128,0,0
BRDA:336,129,0,1
BRDA:341,130,0,0
BRF:131
BRH:106
end_of_record
