TN:
SF:melodex-front-end\src\components\Rankings.jsx
FN:17,ensureSpotifyConnected
FN:65,Rankings
FN:121,hasInjectedRanked
FN:138,normalizeNoTrail
FN:148,joinUrl
FN:158,recentlyDone
FN:166,markExportIntent
FN:172,consumeExportIntent
FN:184,stableKey
FN:188,norm
FN:204,parsePreviewExpiry
FN:221,isPreviewValid
FN:227,msSince
FN:237,rehydrateSong
FN:445,runNext
FN:558,getTestRanked
FN:570,handleApply
FN:657,onExportClick
FN:697,onCancelSelection
FN:708,doExport
FN:803,toggleFilter
FN:805,getRankPositions
FN:997,onSubmit
FN:1016,onChange
FN:1029,onChange
FN:1153,onClick
FN:1231,onChange
FN:1296,ref
FN:1304,onVolumeChange
FN:1305,onPlay
FN:1314,onError
FN:1335,onCanPlay
FNF:32
FNH:23
FNDA:0,ensureSpotifyConnected
FNDA:210,Rankings
FNDA:54,hasInjectedRanked
FNDA:210,normalizeNoTrail
FNDA:23,joinUrl
FNDA:28,recentlyDone
FNDA:0,markExportIntent
FNDA:23,consumeExportIntent
FNDA:351,stableKey
FNDA:0,norm
FNDA:218,parsePreviewExpiry
FNDA:190,isPreviewValid
FNDA:0,msSince
FNDA:0,rehydrateSong
FNDA:38,runNext
FNDA:38,getTestRanked
FNDA:38,handleApply
FNDA:25,onExportClick
FNDA:2,onCancelSelection
FNDA:8,doExport
FNDA:2,toggleFilter
FNDA:210,getRankPositions
FNDA:8,onSubmit
FNDA:7,onChange
FNDA:1,onChange
FNDA:0,onClick
FNDA:25,onChange
FNDA:286,ref
FNDA:12,onVolumeChange
FNDA:0,onPlay
FNDA:0,onError
FNDA:0,onCanPlay
DA:2,1
DA:9,1
DA:10,1
DA:11,1
DA:12,1
DA:13,1
DA:14,1
DA:17,0
DA:18,0
DA:19,0
DA:20,0
DA:21,0
DA:23,0
DA:24,0
DA:25,0
DA:26,0
DA:27,0
DA:30,0
DA:31,0
DA:32,0
DA:33,0
DA:34,0
DA:36,0
DA:37,0
DA:38,0
DA:39,0
DA:40,0
DA:42,0
DA:44,0
DA:46,0
DA:47,0
DA:52,0
DA:53,0
DA:54,0
DA:55,0
DA:58,0
DA:59,0
DA:61,0
DA:62,0
DA:63,0
DA:65,1
DA:66,210
DA:67,210
DA:68,210
DA:70,210
DA:71,210
DA:72,210
DA:73,210
DA:74,210
DA:75,210
DA:76,210
DA:77,210
DA:78,210
DA:79,210
DA:80,210
DA:83,210
DA:84,210
DA:85,210
DA:86,24
DA:87,210
DA:88,210
DA:89,210
DA:90,210
DA:93,210
DA:94,210
DA:95,210
DA:96,210
DA:97,210
DA:98,210
DA:99,210
DA:100,210
DA:101,210
DA:102,210
DA:105,210
DA:106,210
DA:107,210
DA:108,210
DA:109,210
DA:110,210
DA:112,210
DA:113,210
DA:114,210
DA:115,210
DA:116,210
DA:118,210
DA:119,210
DA:121,210
DA:122,54
DA:123,54
DA:124,54
DA:126,54
DA:127,0
DA:128,0
DA:129,54
DA:132,210
DA:133,210
DA:134,210
DA:135,210
DA:136,210
DA:138,210
DA:139,210
DA:140,210
DA:141,0
DA:142,210
DA:143,210
DA:144,210
DA:145,0
DA:146,210
DA:148,210
DA:149,23
DA:150,23
DA:151,69
DA:152,23
DA:153,46
DA:154,23
DA:155,23
DA:156,23
DA:158,210
DA:159,28
DA:160,28
DA:161,28
DA:164,210
DA:166,210
DA:167,0
DA:168,0
DA:169,0
DA:170,0
DA:172,210
DA:173,23
DA:174,23
DA:175,23
DA:176,0
DA:177,0
DA:178,0
DA:179,23
DA:180,23
DA:181,23
DA:184,210
DA:185,351
DA:186,351
DA:187,204
DA:188,0
DA:189,0
DA:190,0
DA:191,0
DA:192,0
DA:193,0
DA:194,351
DA:197,210
DA:198,25
DA:199,25
DA:200,25
DA:201,210
DA:204,210
DA:205,218
DA:206,218
DA:207,218
DA:208,218
DA:209,218
DA:210,218
DA:211,218
DA:212,218
DA:213,218
DA:214,68
DA:215,68
DA:216,68
DA:217,0
DA:218,0
DA:219,218
DA:221,210
DA:222,190
DA:223,190
DA:224,58
DA:225,190
DA:227,210
DA:228,0
DA:229,0
DA:230,0
DA:231,0
DA:232,0
DA:234,210
DA:237,210
DA:238,0
DA:239,0
DA:240,0
DA:241,0
DA:242,0
DA:244,0
DA:245,0
DA:246,0
DA:247,0
DA:248,0
DA:249,0
DA:251,0
DA:252,0
DA:253,0
DA:254,0
DA:255,0
DA:256,0
DA:257,0
DA:258,0
DA:260,0
DA:262,0
DA:263,0
DA:264,0
DA:265,0
DA:266,0
DA:267,0
DA:268,0
DA:269,0
DA:270,0
DA:271,0
DA:272,0
DA:274,0
DA:275,0
DA:276,0
DA:277,0
DA:278,0
DA:279,0
DA:280,0
DA:281,0
DA:282,0
DA:283,0
DA:284,0
DA:286,0
DA:287,0
DA:288,0
DA:289,0
DA:290,0
DA:291,0
DA:292,0
DA:293,0
DA:294,0
DA:295,0
DA:296,0
DA:297,0
DA:299,0
DA:301,0
DA:303,0
DA:304,0
DA:305,0
DA:306,0
DA:307,0
DA:308,0
DA:310,0
DA:311,0
DA:312,0
DA:313,0
DA:314,0
DA:315,0
DA:317,0
DA:318,0
DA:319,0
DA:320,0
DA:321,0
DA:323,0
DA:325,0
DA:326,0
DA:327,0
DA:328,0
DA:329,0
DA:330,0
DA:331,0
DA:332,0
DA:333,0
DA:334,0
DA:335,0
DA:336,0
DA:339,210
DA:340,60
DA:341,36
DA:342,36
DA:343,36
DA:345,36
DA:346,36
DA:347,36
DA:348,36
DA:350,36
DA:351,36
DA:352,36
DA:353,36
DA:354,36
DA:355,36
DA:356,210
DA:359,210
DA:360,54
DA:361,6
DA:362,6
DA:363,6
DA:364,6
DA:365,6
DA:366,6
DA:367,6
DA:368,6
DA:369,54
DA:371,23
DA:372,23
DA:373,23
DA:375,23
DA:376,23
DA:377,23
DA:378,23
DA:379,23
DA:380,23
DA:381,50
DA:382,37
DA:383,37
DA:384,37
DA:385,37
DA:386,37
DA:387,37
DA:388,37
DA:389,37
DA:390,50
DA:391,13
DA:392,13
DA:393,0
DA:394,0
DA:395,0
DA:396,0
DA:397,0
DA:398,0
DA:399,0
DA:400,0
DA:401,0
DA:402,0
DA:403,0
DA:404,0
DA:405,0
DA:406,0
DA:407,23
DA:408,23
DA:409,23
DA:410,23
DA:411,23
DA:412,23
DA:413,23
DA:414,48
DA:415,0
DA:416,0
DA:418,23
DA:419,23
DA:421,23
DA:423,23
DA:424,23
DA:425,23
DA:426,23
DA:427,23
DA:428,23
DA:429,23
DA:430,37
DA:431,37
DA:432,37
DA:433,37
DA:434,37
DA:435,23
DA:436,23
DA:438,23
DA:439,23
DA:441,23
DA:442,23
DA:443,23
DA:445,23
DA:446,38
DA:447,38
DA:449,38
DA:450,15
DA:451,15
DA:452,15
DA:454,15
DA:455,15
DA:456,15
DA:457,15
DA:459,15
DA:460,15
DA:461,15
DA:462,15
DA:463,15
DA:464,15
DA:465,15
DA:466,15
DA:467,15
DA:468,15
DA:470,15
DA:471,24
DA:472,37
DA:473,37
DA:474,18
DA:475,18
DA:476,18
DA:477,9
DA:478,37
DA:479,37
DA:480,24
DA:481,15
DA:482,15
DA:483,24
DA:484,37
DA:485,37
DA:486,18
DA:487,18
DA:488,18
DA:489,9
DA:490,37
DA:491,37
DA:492,24
DA:493,15
DA:494,15
DA:495,15
DA:496,0
DA:497,0
DA:498,0
DA:499,0
DA:500,15
DA:501,15
DA:502,15
DA:503,15
DA:504,15
DA:505,15
DA:506,38
DA:508,23
DA:510,23
DA:511,23
DA:512,23
DA:513,210
DA:515,210
DA:516,54
DA:517,210
DA:520,210
DA:521,95
DA:522,24
DA:523,22
DA:524,22
DA:526,22
DA:527,54
DA:528,28
DA:529,54
DA:530,28
DA:532,28
DA:533,28
DA:534,0
DA:535,54
DA:536,0
DA:537,0
DA:538,0
DA:539,0
DA:540,0
DA:541,0
DA:542,0
DA:543,0
DA:544,0
DA:545,22
DA:546,210
DA:549,210
DA:550,95
DA:551,28
DA:552,95
DA:553,210
DA:558,210
DA:559,38
DA:560,38
DA:561,38
DA:562,38
DA:563,38
DA:564,3
DA:565,3
DA:566,38
DA:567,35
DA:568,38
DA:570,210
DA:571,38
DA:572,38
DA:573,0
DA:574,0
DA:575,0
DA:577,38
DA:579,38
DA:580,38
DA:581,38
DA:582,38
DA:583,38
DA:584,38
DA:585,38
DA:587,38
DA:589,38
DA:590,38
DA:591,3
DA:592,3
DA:593,3
DA:594,3
DA:595,3
DA:596,3
DA:598,35
DA:599,35
DA:600,35
DA:601,35
DA:603,35
DA:604,35
DA:605,38
DA:606,38
DA:607,38
DA:608,38
DA:609,38
DA:610,35
DA:611,35
DA:612,0
DA:613,0
DA:614,0
DA:615,0
DA:616,38
DA:618,210
DA:621,210
DA:623,49
DA:625,49
DA:626,49
DA:627,49
DA:629,0
DA:630,0
DA:631,0
DA:632,0
DA:633,0
DA:635,0
DA:636,0
DA:637,0
DA:638,0
DA:641,0
DA:642,0
DA:643,0
DA:644,0
DA:645,0
DA:646,0
DA:649,0
DA:650,0
DA:651,0
DA:652,0
DA:653,0
DA:655,210
DA:657,210
DA:659,25
DA:660,25
DA:661,25
DA:662,25
DA:663,25
DA:664,25
DA:665,25
DA:666,25
DA:667,25
DA:668,25
DA:669,25
DA:672,0
DA:673,0
DA:674,0
DA:676,0
DA:678,0
DA:679,0
DA:680,0
DA:681,0
DA:683,25
DA:684,0
DA:685,0
DA:687,0
DA:688,0
DA:689,0
DA:690,0
DA:691,0
DA:692,0
DA:693,0
DA:694,0
DA:695,25
DA:697,210
DA:698,2
DA:699,2
DA:700,2
DA:701,2
DA:702,2
DA:703,2
DA:704,2
DA:705,2
DA:706,2
DA:708,210
DA:709,8
DA:711,8
DA:712,8
DA:715,8
DA:716,8
DA:719,8
DA:720,8
DA:721,8
DA:722,8
DA:723,8
DA:724,0
DA:725,8
DA:728,8
DA:729,8
DA:730,8
DA:733,8
DA:734,16
DA:735,16
DA:736,16
DA:737,16
DA:738,16
DA:739,16
DA:740,8
DA:742,8
DA:743,8
DA:744,8
DA:746,8
DA:747,8
DA:748,8
DA:751,8
DA:754,8
DA:755,8
DA:756,8
DA:758,8
DA:759,8
DA:760,8
DA:763,8
DA:764,8
DA:765,8
DA:766,8
DA:767,8
DA:768,8
DA:770,7
DA:771,7
DA:772,7
DA:773,8
DA:775,8
DA:777,0
DA:778,0
DA:779,0
DA:780,0
DA:781,0
DA:782,0
DA:784,8
DA:785,8
DA:786,8
DA:787,6
DA:788,6
DA:789,7
DA:791,1
DA:792,1
DA:793,1
DA:794,8
DA:795,1
DA:796,1
DA:797,1
DA:798,8
DA:799,8
DA:800,8
DA:801,8
DA:803,210
DA:805,210
DA:806,210
DA:807,0
DA:808,0
DA:809,0
DA:810,210
DA:811,150
DA:812,0
DA:813,0
DA:814,0
DA:815,150
DA:816,210
DA:817,210
DA:818,210
DA:819,210
DA:821,210
DA:822,251
DA:823,251
DA:824,251
DA:825,251
DA:826,0
DA:827,0
DA:828,251
DA:829,210
DA:831,210
DA:832,210
DA:834,210
DA:835,210
DA:837,210
DA:838,210
DA:839,210
DA:840,210
DA:842,210
DA:843,210
DA:844,210
DA:846,210
DA:847,210
DA:848,210
DA:849,210
DA:850,210
DA:851,210
DA:853,210
DA:854,210
DA:855,210
DA:856,210
DA:857,210
DA:858,210
DA:859,210
DA:860,210
DA:862,210
DA:863,210
DA:864,210
DA:865,210
DA:866,210
DA:868,210
DA:869,210
DA:870,210
DA:871,210
DA:872,210
DA:873,210
DA:875,210
DA:876,210
DA:877,210
DA:878,210
DA:879,210
DA:880,210
DA:881,210
DA:882,210
DA:883,210
DA:884,210
DA:885,210
DA:886,210
DA:887,210
DA:888,210
DA:889,210
DA:890,210
DA:891,210
DA:892,210
DA:893,210
DA:894,210
DA:895,210
DA:896,210
DA:897,210
DA:898,210
DA:899,210
DA:900,210
DA:901,210
DA:903,210
DA:904,79
DA:905,79
DA:906,79
DA:907,79
DA:908,79
DA:909,79
DA:910,79
DA:911,79
DA:913,79
DA:914,79
DA:915,79
DA:916,79
DA:917,79
DA:918,79
DA:919,79
DA:920,79
DA:921,79
DA:922,79
DA:923,79
DA:924,79
DA:925,79
DA:926,79
DA:927,79
DA:928,79
DA:929,79
DA:930,79
DA:931,79
DA:932,131
DA:933,107
DA:934,107
DA:935,107
DA:936,107
DA:937,107
DA:938,107
DA:939,107
DA:940,107
DA:942,107
DA:943,73
DA:944,34
DA:945,0
DA:946,34
DA:947,2
DA:948,34
DA:949,107
DA:952,107
DA:953,73
DA:954,73
DA:956,73
DA:957,73
DA:958,73
DA:959,73
DA:960,73
DA:961,73
DA:962,73
DA:963,73
DA:964,73
DA:965,73
DA:966,73
DA:967,73
DA:971,107
DA:972,107
DA:973,107
DA:974,107
DA:975,107
DA:976,107
DA:977,107
DA:979,107
DA:980,34
DA:981,34
DA:982,34
DA:984,34
DA:985,34
DA:986,34
DA:987,34
DA:988,34
DA:989,34
DA:990,34
DA:991,34
DA:992,34
DA:994,34
DA:996,73
DA:997,73
DA:998,8
DA:999,8
DA:1000,8
DA:1001,73
DA:1002,73
DA:1003,73
DA:1004,73
DA:1005,73
DA:1006,73
DA:1007,73
DA:1008,73
DA:1009,73
DA:1011,73
DA:1012,73
DA:1013,73
DA:1014,73
DA:1015,73
DA:1016,73
DA:1017,73
DA:1018,73
DA:1019,73
DA:1020,73
DA:1021,73
DA:1022,73
DA:1023,73
DA:1024,73
DA:1025,73
DA:1026,73
DA:1027,73
DA:1028,73
DA:1029,73
DA:1030,73
DA:1031,73
DA:1032,73
DA:1033,73
DA:1034,73
DA:1035,73
DA:1036,73
DA:1037,73
DA:1038,73
DA:1039,73
DA:1042,73
DA:1043,8
DA:1044,8
DA:1045,8
DA:1046,8
DA:1047,8
DA:1048,8
DA:1049,8
DA:1050,8
DA:1051,8
DA:1052,8
DA:1053,8
DA:1055,8
DA:1058,73
DA:1059,73
DA:1060,73
DA:1061,73
DA:1062,73
DA:1063,65
DA:1064,58
DA:1066,73
DA:1067,73
DA:1068,73
DA:1069,73
DA:1070,73
DA:1071,73
DA:1072,73
DA:1073,65
DA:1074,58
DA:1075,21
DA:1076,52
DA:1077,73
DA:1078,73
DA:1079,65
DA:1080,58
DA:1081,21
DA:1082,52
DA:1083,73
DA:1085,73
DA:1086,73
DA:1088,73
DA:1089,73
DA:1090,73
DA:1091,73
DA:1093,73
DA:1094,73
DA:1095,73
DA:1096,73
DA:1097,73
DA:1098,73
DA:1099,73
DA:1100,73
DA:1102,73
DA:1103,73
DA:1105,107
DA:1108,107
DA:1109,73
DA:1110,73
DA:1111,66
DA:1112,7
DA:1113,7
DA:1114,7
DA:1115,7
DA:1116,7
DA:1117,7
DA:1118,7
DA:1119,7
DA:1121,7
DA:1122,7
DA:1123,7
DA:1124,7
DA:1128,107
DA:1129,2
DA:1130,2
DA:1131,2
DA:1132,2
DA:1133,2
DA:1134,2
DA:1135,2
DA:1136,2
DA:1137,2
DA:1138,2
DA:1139,2
DA:1140,2
DA:1141,2
DA:1142,2
DA:1144,2
DA:1145,2
DA:1146,2
DA:1147,2
DA:1148,2
DA:1149,2
DA:1150,2
DA:1151,2
DA:1152,2
DA:1153,2
DA:1154,2
DA:1155,2
DA:1156,2
DA:1157,2
DA:1158,2
DA:1159,2
DA:1161,2
DA:1162,2
DA:1163,2
DA:1166,107
DA:1167,7
DA:1168,7
DA:1169,7
DA:1170,7
DA:1171,7
DA:1172,7
DA:1173,7
DA:1174,7
DA:1175,7
DA:1176,7
DA:1177,7
DA:1179,7
DA:1181,7
DA:1182,7
DA:1185,107
DA:1186,6
DA:1187,6
DA:1188,6
DA:1189,6
DA:1190,6
DA:1191,6
DA:1192,6
DA:1194,6
DA:1196,101
DA:1197,101
DA:1198,101
DA:1199,101
DA:1200,101
DA:1201,101
DA:1202,101
DA:1203,101
DA:1204,101
DA:1206,101
DA:1207,251
DA:1208,251
DA:1209,251
DA:1210,251
DA:1211,251
DA:1212,251
DA:1213,251
DA:1214,251
DA:1215,251
DA:1216,251
DA:1217,251
DA:1218,251
DA:1219,251
DA:1220,251
DA:1221,251
DA:1222,251
DA:1223,251
DA:1226,251
DA:1227,175
DA:1228,175
DA:1229,175
DA:1230,175
DA:1231,175
DA:1232,25
DA:1233,25
DA:1234,20
DA:1235,25
DA:1236,25
DA:1237,175
DA:1238,175
DA:1239,175
DA:1241,251
DA:1242,251
DA:1243,251
DA:1244,251
DA:1245,251
DA:1246,251
DA:1247,251
DA:1248,251
DA:1250,251
DA:1251,251
DA:1253,251
DA:1254,251
DA:1255,251
DA:1256,251
DA:1257,251
DA:1258,251
DA:1259,251
DA:1260,251
DA:1261,251
DA:1263,251
DA:1264,251
DA:1265,251
DA:1266,251
DA:1267,251
DA:1268,251
DA:1269,251
DA:1270,251
DA:1272,251
DA:1273,251
DA:1274,251
DA:1275,251
DA:1276,251
DA:1277,251
DA:1278,251
DA:1279,251
DA:1281,251
DA:1282,251
DA:1283,251
DA:1284,251
DA:1285,251
DA:1286,251
DA:1287,251
DA:1288,251
DA:1289,251
DA:1290,251
DA:1291,251
DA:1293,251
DA:1294,149
DA:1295,149
DA:1296,149
DA:1297,286
DA:1298,143
DA:1299,286
DA:1300,149
DA:1301,149
DA:1302,149
DA:1303,149
DA:1304,149
DA:1305,149
DA:1306,0
DA:1307,0
DA:1308,0
DA:1309,0
DA:1310,0
DA:1311,0
DA:1312,0
DA:1313,0
DA:1314,149
DA:1315,0
DA:1316,0
DA:1317,0
DA:1318,0
DA:1319,0
DA:1320,0
DA:1321,0
DA:1322,0
DA:1323,0
DA:1324,0
DA:1325,0
DA:1326,0
DA:1327,0
DA:1328,0
DA:1329,0
DA:1330,0
DA:1331,0
DA:1332,0
DA:1333,0
DA:1334,0
DA:1335,149
DA:1336,0
DA:1337,0
DA:1338,0
DA:1339,0
DA:1340,0
DA:1341,0
DA:1342,0
DA:1343,0
DA:1344,0
DA:1345,0
DA:1346,149
DA:1348,149
DA:1349,149
DA:1350,149
DA:1351,149
DA:1352,149
DA:1353,149
DA:1354,149
DA:1355,149
DA:1356,149
DA:1357,149
DA:1358,149
DA:1359,149
DA:1360,149
DA:1361,149
DA:1362,149
DA:1364,149
DA:1365,149
DA:1367,102
DA:1368,102
DA:1369,102
DA:1370,102
DA:1371,102
DA:1372,102
DA:1373,102
DA:1376,102
DA:1378,251
DA:1379,251
DA:1381,101
DA:1382,101
DA:1384,107
DA:1386,24
DA:1387,24
DA:1388,24
DA:1389,24
DA:1390,24
DA:1391,24
DA:1392,24
DA:1393,24
DA:1395,24
DA:1396,24
DA:1397,24
DA:1398,24
DA:1399,24
DA:1400,24
DA:1401,24
DA:1402,24
DA:1403,24
DA:1404,24
DA:1405,24
DA:1406,24
DA:1407,24
DA:1408,24
DA:1409,24
DA:1410,24
DA:1411,24
DA:1412,24
DA:1414,24
DA:1415,24
DA:1417,210
DA:1419,210
DA:1421,1
LF:1193
LH:921
BRDA:65,0,0,210
BRDA:140,1,0,0
BRDA:144,2,0,0
BRDA:835,3,0,73
BRDA:843,4,0,26
BRDA:843,5,0,184
BRDA:859,6,0,26
BRDA:859,7,0,184
BRDA:903,8,0,177
BRDA:903,9,0,79
BRDA:931,10,0,131
BRDA:932,11,0,107
BRDA:942,12,0,73
BRDA:943,13,0,34
BRDA:944,14,0,0
BRDA:946,15,0,2
BRDA:947,16,0,32
BRDA:952,17,0,73
BRDA:957,18,0,0
BRDA:966,19,0,0
BRDA:979,20,0,34
BRDA:994,21,0,73
BRDA:1042,22,0,8
BRDA:1062,23,0,65
BRDA:1063,24,0,58
BRDA:1072,25,0,65
BRDA:1073,26,0,58
BRDA:1074,27,0,21
BRDA:1075,28,0,52
BRDA:1078,29,0,65
BRDA:1079,30,0,58
BRDA:1080,31,0,21
BRDA:1081,32,0,52
BRDA:1085,33,0,7
BRDA:1085,34,0,66
BRDA:1108,35,0,73
BRDA:1110,36,0,66
BRDA:1111,37,0,7
BRDA:1121,38,0,0
BRDA:1123,39,0,0
BRDA:1128,40,0,73
BRDA:1128,41,0,2
BRDA:1147,42,0,0
BRDA:1166,43,0,7
BRDA:1185,44,0,6
BRDA:1194,45,0,101
BRDA:1384,46,0,24
BRDA:85,47,0,24
BRDA:121,48,0,54
BRDA:126,49,0,0
BRDA:138,50,0,210
BRDA:148,51,0,23
BRDA:150,52,0,69
BRDA:151,53,0,23
BRDA:152,54,0,46
BRDA:158,55,0,28
BRDA:172,56,0,23
BRDA:175,57,0,0
BRDA:179,58,0,0
BRDA:184,59,0,351
BRDA:185,60,0,0
BRDA:186,61,0,147
BRDA:186,62,0,204
BRDA:187,63,0,0
BRDA:197,64,0,25
BRDA:199,65,0,53
BRDA:204,66,0,218
BRDA:206,67,0,0
BRDA:208,68,0,150
BRDA:210,69,0,150
BRDA:213,70,0,150
BRDA:213,71,0,68
BRDA:216,72,0,0
BRDA:221,73,0,190
BRDA:223,74,0,132
BRDA:223,75,0,58
BRDA:339,76,0,60
BRDA:340,77,0,12
BRDA:340,78,0,36
BRDA:359,79,0,54
BRDA:360,80,0,6
BRDA:362,81,0,0
BRDA:365,82,0,0
BRDA:368,83,0,48
BRDA:369,84,0,23
BRDA:369,85,0,48
BRDA:369,86,0,29
BRDA:369,87,0,25
BRDA:369,88,0,23
BRDA:414,89,0,0
BRDA:416,90,0,23
BRDA:418,91,0,0
BRDA:418,92,0,23
BRDA:380,93,0,50
BRDA:381,94,0,37
BRDA:390,95,0,13
BRDA:392,96,0,0
BRDA:424,97,0,50
BRDA:424,98,0,27
BRDA:429,99,0,37
BRDA:445,100,0,38
BRDA:446,101,0,0
BRDA:447,102,0,23
BRDA:447,103,0,27
BRDA:447,104,0,23
BRDA:447,105,0,15
BRDA:449,106,0,30
BRDA:449,107,0,15
BRDA:464,108,0,15
BRDA:465,109,0,0
BRDA:467,110,0,7
BRDA:467,111,0,8
BRDA:470,112,0,24
BRDA:471,113,0,37
BRDA:479,114,0,9
BRDA:479,115,0,28
BRDA:473,116,0,18
BRDA:474,117,0,0
BRDA:474,118,0,0
BRDA:476,119,0,9
BRDA:477,120,0,0
BRDA:482,121,0,24
BRDA:483,122,0,37
BRDA:491,123,0,9
BRDA:491,124,0,28
BRDA:485,125,0,18
BRDA:486,126,0,0
BRDA:486,127,0,0
BRDA:488,128,0,9
BRDA:489,129,0,0
BRDA:501,130,0,15
BRDA:510,131,0,23
BRDA:515,132,0,54
BRDA:520,133,0,95
BRDA:521,134,0,92
BRDA:521,135,0,71
BRDA:521,136,0,24
BRDA:522,137,0,91
BRDA:522,138,0,87
BRDA:522,139,0,2
BRDA:522,140,0,22
BRDA:524,141,0,0
BRDA:524,142,0,22
BRDA:526,143,0,54
BRDA:527,144,0,28
BRDA:527,145,0,26
BRDA:529,146,0,28
BRDA:529,147,0,0
BRDA:533,148,0,0
BRDA:535,149,0,0
BRDA:549,150,0,95
BRDA:550,151,0,28
BRDA:558,152,0,38
BRDA:563,153,0,3
BRDA:566,154,0,35
BRDA:566,155,0,0
BRDA:570,156,0,38
BRDA:571,157,0,12
BRDA:571,158,0,0
BRDA:572,159,0,0
BRDA:590,160,0,3
BRDA:596,161,0,35
BRDA:605,162,0,0
BRDA:606,163,0,35
BRDA:606,164,0,0
BRDA:609,165,0,35
BRDA:611,166,0,0
BRDA:598,167,0,35
BRDA:618,168,0,150
BRDA:621,169,0,49
BRDA:623,170,0,31
BRDA:623,171,0,26
BRDA:623,172,0,23
BRDA:626,173,0,23
BRDA:627,174,0,48
BRDA:627,175,0,23
BRDA:627,176,0,0
BRDA:629,177,0,0
BRDA:657,178,0,25
BRDA:669,179,0,0
BRDA:683,180,0,0
BRDA:665,181,0,25
BRDA:666,182,0,2
BRDA:666,183,0,23
BRDA:666,184,0,2
BRDA:697,185,0,2
BRDA:708,186,0,8
BRDA:709,187,0,0
BRDA:712,188,0,0
BRDA:720,189,0,0
BRDA:721,190,0,0
BRDA:723,191,0,0
BRDA:743,192,0,1
BRDA:743,193,0,1
BRDA:747,194,0,0
BRDA:768,195,0,7
BRDA:773,196,0,0
BRDA:773,197,0,7
BRDA:775,198,0,0
BRDA:782,199,0,7
BRDA:785,200,0,7
BRDA:786,201,0,6
BRDA:786,202,0,7
BRDA:786,203,0,6
BRDA:789,204,0,1
BRDA:794,205,0,1
BRDA:797,206,0,0
BRDA:711,207,0,19
BRDA:729,208,0,16
BRDA:729,209,0,6
BRDA:729,210,0,0
BRDA:730,211,0,16
BRDA:730,212,0,6
BRDA:730,213,0,0
BRDA:733,214,0,16
BRDA:734,215,0,0
BRDA:734,216,0,0
BRDA:738,217,0,6
BRDA:739,218,0,0
BRDA:803,219,0,2
BRDA:803,220,0,2
BRDA:805,221,0,210
BRDA:806,222,0,0
BRDA:810,223,0,150
BRDA:811,224,0,0
BRDA:821,225,0,251
BRDA:822,226,0,150
BRDA:825,227,0,0
BRDA:997,228,0,8
BRDA:1016,229,0,7
BRDA:1029,230,0,1
BRDA:1169,231,0,7
BRDA:1206,232,0,251
BRDA:1226,233,0,175
BRDA:1254,234,0,56
BRDA:1293,235,0,149
BRDA:1293,236,0,149
BRDA:1365,237,0,102
BRDA:1231,238,0,25
BRDA:1233,239,0,22
BRDA:1233,240,0,5
BRDA:1233,241,0,20
BRDA:1296,242,0,286
BRDA:1297,243,0,143
BRDA:1304,244,0,12
BRF:245
BRH:186
end_of_record
TN:
SF:melodex-front-end\src\components\SongRanker.jsx
FN:1,(empty-report)
FNF:1
FNH:1
FNDA:1,(empty-report)
DA:2,0
DA:3,0
DA:4,0
DA:5,0
DA:6,0
DA:8,0
DA:9,0
DA:10,0
DA:11,0
DA:12,0
DA:13,0
DA:14,0
DA:15,0
DA:16,0
DA:17,0
DA:18,0
DA:19,0
DA:20,0
DA:21,0
DA:22,0
DA:23,0
DA:24,0
DA:25,0
DA:26,0
DA:27,0
DA:29,0
DA:30,0
DA:31,0
DA:32,0
DA:33,0
DA:34,0
DA:35,0
DA:36,0
DA:38,0
DA:39,0
DA:40,0
DA:41,0
DA:42,0
DA:43,0
DA:44,0
DA:46,0
DA:47,0
DA:48,0
DA:50,0
DA:51,0
DA:52,0
DA:53,0
DA:54,0
DA:55,0
DA:57,0
DA:58,0
DA:59,0
DA:60,0
DA:61,0
DA:63,0
DA:64,0
DA:65,0
DA:66,0
DA:67,0
DA:68,0
DA:69,0
DA:70,0
DA:71,0
DA:73,0
DA:74,0
DA:75,0
DA:76,0
DA:77,0
DA:78,0
DA:79,0
DA:80,0
DA:81,0
DA:82,0
DA:83,0
DA:84,0
DA:85,0
DA:86,0
DA:87,0
DA:88,0
DA:89,0
DA:90,0
DA:91,0
DA:92,0
DA:93,0
DA:94,0
DA:95,0
DA:96,0
DA:97,0
DA:98,0
DA:99,0
DA:100,0
DA:101,0
DA:102,0
DA:105,0
DA:106,0
DA:107,0
DA:108,0
DA:109,0
DA:110,0
DA:111,0
DA:113,0
DA:114,0
DA:115,0
DA:116,0
DA:117,0
DA:118,0
DA:119,0
DA:121,0
DA:122,0
DA:123,0
DA:125,0
DA:126,0
DA:127,0
DA:128,0
DA:129,0
DA:130,0
DA:131,0
DA:132,0
DA:133,0
DA:134,0
DA:135,0
DA:136,0
DA:137,0
DA:138,0
DA:139,0
DA:140,0
DA:141,0
DA:142,0
DA:143,0
DA:144,0
DA:145,0
DA:146,0
DA:147,0
DA:148,0
DA:149,0
DA:150,0
DA:151,0
DA:152,0
DA:153,0
DA:154,0
DA:156,0
DA:157,0
DA:158,0
DA:159,0
DA:160,0
DA:162,0
DA:163,0
DA:164,0
DA:165,0
DA:167,0
DA:168,0
DA:169,0
DA:170,0
DA:172,0
DA:173,0
DA:174,0
DA:175,0
DA:176,0
DA:178,0
DA:179,0
DA:180,0
DA:181,0
DA:182,0
DA:183,0
DA:184,0
DA:185,0
DA:186,0
DA:187,0
DA:188,0
DA:189,0
DA:190,0
DA:191,0
DA:192,0
DA:193,0
DA:194,0
DA:195,0
DA:196,0
DA:197,0
DA:198,0
DA:199,0
DA:200,0
DA:201,0
DA:202,0
DA:203,0
DA:204,0
DA:205,0
DA:207,0
DA:208,0
DA:209,0
DA:210,0
DA:211,0
DA:212,0
DA:213,0
DA:214,0
DA:215,0
DA:216,0
DA:217,0
DA:218,0
DA:219,0
DA:220,0
DA:221,0
DA:222,0
DA:223,0
DA:224,0
DA:225,0
DA:227,0
DA:228,0
DA:229,0
DA:230,0
DA:231,0
DA:233,0
DA:234,0
DA:235,0
DA:236,0
DA:237,0
DA:238,0
DA:239,0
DA:240,0
DA:241,0
DA:242,0
DA:243,0
DA:244,0
DA:245,0
DA:247,0
DA:248,0
DA:250,0
DA:251,0
DA:252,0
DA:253,0
DA:254,0
DA:255,0
DA:256,0
DA:257,0
DA:259,0
DA:260,0
DA:261,0
DA:262,0
DA:263,0
DA:264,0
DA:265,0
DA:266,0
DA:267,0
DA:269,0
DA:270,0
DA:271,0
DA:272,0
DA:273,0
DA:274,0
DA:275,0
DA:276,0
DA:277,0
DA:278,0
DA:279,0
DA:280,0
DA:281,0
DA:282,0
DA:283,0
DA:284,0
DA:285,0
DA:286,0
DA:287,0
DA:288,0
DA:289,0
DA:290,0
DA:291,0
DA:292,0
DA:293,0
DA:294,0
DA:295,0
DA:296,0
DA:298,0
DA:300,0
DA:301,0
DA:302,0
DA:303,0
DA:304,0
DA:305,0
DA:306,0
DA:307,0
DA:309,0
DA:310,0
DA:311,0
DA:312,0
DA:313,0
DA:314,0
DA:315,0
DA:316,0
DA:317,0
DA:318,0
DA:319,0
DA:320,0
DA:321,0
DA:322,0
DA:323,0
DA:324,0
DA:326,0
DA:327,0
DA:328,0
DA:329,0
DA:330,0
DA:331,0
DA:332,0
DA:333,0
DA:334,0
DA:336,0
DA:338,0
DA:340,0
LF:307
LH:0
BRDA:1,0,0,1
BRF:1
BRH:1
end_of_record
TN:
SF:melodex-front-end\src\contexts\SongContext.jsx
FN:7,useSongContext
FN:13,SongProvider
FN:63,runBurstPrefetch
FN:200,generateNewSongs
FN:240,fetchReRankingData
FN:325,selectSong
FN:401,skipSong
FNF:7
FNH:3
FNDA:251,useSongContext
FNDA:59,SongProvider
FNDA:24,runBurstPrefetch
FNDA:0,generateNewSongs
FNDA:0,fetchReRankingData
FNDA:0,selectSong
FNDA:0,skipSong
DA:2,1
DA:3,1
DA:5,1
DA:7,1
DA:8,251
DA:9,251
DA:10,251
DA:11,251
DA:13,1
DA:14,59
DA:15,59
DA:17,59
DA:18,59
DA:19,59
DA:20,59
DA:21,59
DA:22,59
DA:23,59
DA:26,59
DA:27,59
DA:29,59
DA:30,59
DA:31,59
DA:34,59
DA:35,59
DA:36,59
DA:39,59
DA:40,59
DA:41,59
DA:42,59
DA:45,59
DA:46,59
DA:47,59
DA:48,59
DA:49,59
DA:51,59
DA:52,12
DA:53,12
DA:54,59
DA:56,59
DA:57,19
DA:58,19
DA:59,59
DA:62,59
DA:63,24
DA:64,24
DA:65,24
DA:66,24
DA:68,24
DA:69,24
DA:70,12
DA:71,12
DA:72,0
DA:73,0
DA:74,0
DA:75,0
DA:76,0
DA:77,0
DA:79,24
DA:80,24
DA:81,24
DA:82,24
DA:83,24
DA:84,24
DA:85,24
DA:86,24
DA:87,24
DA:88,24
DA:89,24
DA:90,24
DA:91,24
DA:92,24
DA:94,0
DA:95,0
DA:96,0
DA:97,0
DA:99,0
DA:100,0
DA:102,0
DA:104,0
DA:105,0
DA:107,0
DA:108,0
DA:110,0
DA:111,0
DA:112,0
DA:113,0
DA:115,0
DA:117,0
DA:118,0
DA:119,0
DA:120,0
DA:121,0
DA:122,0
DA:123,0
DA:124,0
DA:125,0
DA:126,24
DA:127,0
DA:128,0
DA:129,0
DA:130,0
DA:131,0
DA:132,0
DA:133,24
DA:135,24
DA:136,59
DA:137,59
DA:138,59
DA:139,59
DA:140,59
DA:141,59
DA:142,59
DA:143,59
DA:146,59
DA:147,24
DA:148,0
DA:149,0
DA:150,0
DA:151,0
DA:152,0
DA:153,0
DA:154,0
DA:155,24
DA:156,24
DA:157,24
DA:158,24
DA:159,12
DA:160,0
DA:161,24
DA:162,0
DA:163,0
DA:164,0
DA:165,0
DA:166,0
DA:167,0
DA:168,0
DA:169,0
DA:170,0
DA:171,0
DA:172,59
DA:174,59
DA:175,0
DA:176,0
DA:177,0
DA:178,0
DA:179,0
DA:180,0
DA:181,0
DA:182,0
DA:183,0
DA:184,0
DA:185,0
DA:186,0
DA:187,0
DA:188,0
DA:189,0
DA:190,0
DA:191,0
DA:192,0
DA:193,0
DA:194,0
DA:195,0
DA:196,0
DA:197,0
DA:198,59
DA:200,59
DA:201,0
DA:202,0
DA:203,0
DA:204,0
DA:205,0
DA:206,0
DA:207,0
DA:208,0
DA:209,0
DA:210,0
DA:211,0
DA:213,0
DA:214,0
DA:215,0
DA:216,0
DA:217,0
DA:218,0
DA:219,0
DA:220,0
DA:222,0
DA:223,0
DA:224,0
DA:225,0
DA:226,0
DA:227,0
DA:228,0
DA:229,0
DA:230,0
DA:231,0
DA:232,0
DA:233,0
DA:234,0
DA:235,0
DA:236,0
DA:237,0
DA:238,0
DA:240,59
DA:241,0
DA:242,0
DA:243,0
DA:244,0
DA:245,0
DA:246,0
DA:247,0
DA:248,0
DA:249,0
DA:250,0
DA:251,0
DA:252,0
DA:253,0
DA:254,0
DA:255,0
DA:256,0
DA:257,0
DA:258,0
DA:259,0
DA:260,0
DA:261,0
DA:262,0
DA:263,0
DA:264,0
DA:265,0
DA:266,0
DA:267,0
DA:268,0
DA:269,0
DA:270,0
DA:271,0
DA:272,0
DA:273,0
DA:274,0
DA:275,0
DA:276,0
DA:277,0
DA:278,0
DA:280,59
DA:281,26
DA:282,26
DA:283,26
DA:284,0
DA:285,0
DA:286,0
DA:287,0
DA:288,26
DA:289,26
DA:290,26
DA:291,26
DA:293,26
DA:294,26
DA:295,26
DA:296,26
DA:298,26
DA:299,26
DA:300,26
DA:301,26
DA:302,26
DA:304,26
DA:306,26
DA:307,26
DA:308,26
DA:309,26
DA:310,26
DA:311,26
DA:312,0
DA:313,0
DA:314,0
DA:315,26
DA:316,0
DA:317,0
DA:318,0
DA:319,26
DA:320,26
DA:321,26
DA:322,26
DA:323,59
DA:325,59
DA:326,0
DA:327,0
DA:328,0
DA:329,0
DA:330,0
DA:331,0
DA:332,0
DA:333,0
DA:334,0
DA:335,0
DA:336,0
DA:337,0
DA:338,0
DA:339,0
DA:340,0
DA:342,0
DA:343,0
DA:344,0
DA:345,0
DA:346,0
DA:347,0
DA:348,0
DA:349,0
DA:350,0
DA:351,0
DA:352,0
DA:353,0
DA:354,0
DA:355,0
DA:356,0
DA:357,0
DA:358,0
DA:359,0
DA:360,0
DA:361,0
DA:363,0
DA:364,0
DA:365,0
DA:366,0
DA:367,0
DA:368,0
DA:370,0
DA:372,0
DA:374,0
DA:375,0
DA:376,0
DA:377,0
DA:378,0
DA:379,0
DA:380,0
DA:381,0
DA:382,0
DA:383,0
DA:385,0
DA:386,0
DA:387,0
DA:388,0
DA:389,0
DA:390,0
DA:391,0
DA:392,0
DA:393,0
DA:394,0
DA:395,0
DA:396,0
DA:397,0
DA:398,0
DA:399,0
DA:401,59
DA:402,0
DA:403,0
DA:404,0
DA:405,0
DA:406,0
DA:407,0
DA:408,0
DA:409,0
DA:410,0
DA:411,0
DA:412,0
DA:413,0
DA:414,0
DA:415,0
DA:416,0
DA:418,0
DA:419,0
DA:420,0
DA:421,0
DA:422,0
DA:423,0
DA:424,0
DA:425,0
DA:426,0
DA:427,0
DA:428,0
DA:429,0
DA:430,0
DA:432,0
DA:433,0
DA:434,0
DA:435,0
DA:436,0
DA:437,0
DA:438,0
DA:440,0
DA:441,0
DA:442,0
DA:443,0
DA:444,0
DA:445,0
DA:446,0
DA:447,0
DA:448,0
DA:449,0
DA:450,0
DA:451,0
DA:452,0
DA:453,0
DA:454,0
DA:455,0
DA:456,0
DA:457,0
DA:458,0
DA:459,0
DA:460,0
DA:461,0
DA:462,0
DA:463,0
DA:464,0
DA:465,0
DA:467,59
DA:468,0
DA:469,0
DA:470,0
DA:471,0
DA:472,0
DA:473,0
DA:474,0
DA:475,0
DA:476,0
DA:477,0
DA:478,0
DA:479,0
DA:480,0
DA:481,0
DA:482,0
DA:483,0
DA:484,0
DA:485,0
DA:486,0
DA:487,0
DA:488,0
DA:489,0
DA:490,0
DA:491,0
DA:492,0
DA:493,0
DA:494,59
DA:496,59
DA:497,12
DA:498,59
DA:500,59
DA:501,59
DA:502,59
DA:503,59
DA:504,59
DA:505,59
DA:506,59
DA:507,59
DA:508,59
DA:509,59
DA:510,59
DA:511,59
DA:512,59
DA:513,59
DA:514,59
DA:515,59
DA:516,59
DA:517,59
DA:518,59
DA:519,59
DA:520,59
DA:521,59
DA:522,59
DA:523,59
DA:524,59
DA:525,59
DA:526,59
DA:527,59
DA:529,59
DA:530,59
DA:532,59
DA:534,1
LF:476
LH:159
BRDA:7,0,0,251
BRDA:9,1,0,0
BRDA:13,2,0,59
BRDA:41,3,0,12
BRDA:42,4,0,12
BRDA:51,5,0,12
BRDA:53,6,0,12
BRDA:56,7,0,19
BRDA:62,8,0,24
BRDA:63,9,0,24
BRDA:69,10,0,12
BRDA:70,11,0,12
BRDA:71,12,0,0
BRDA:72,13,0,0
BRDA:73,14,0,0
BRDA:74,15,0,0
BRDA:75,16,0,0
BRDA:76,17,0,0
BRDA:92,18,0,0
BRDA:126,19,0,0
BRDA:146,20,0,24
BRDA:147,21,0,0
BRDA:158,22,0,12
BRDA:159,23,0,0
BRDA:161,24,0,0
BRDA:280,25,0,26
BRDA:281,26,0,0
BRDA:283,27,0,0
BRDA:295,28,0,2
BRDA:296,29,0,0
BRDA:304,30,0,0
BRDA:311,31,0,0
BRDA:315,32,0,0
BRDA:496,33,0,12
BRF:34
BRH:16
end_of_record
TN:
SF:melodex-front-end\src\utils\deeplink.js
FN:2,buildDeepLink
FNF:1
FNH:1
FNDA:8,buildDeepLink
DA:1,1
DA:2,1
DA:3,8
DA:4,8
DA:5,8
DA:6,8
DA:7,8
DA:8,8
LF:8
LH:8
BRDA:2,0,0,8
BRDA:5,1,0,0
BRDA:6,2,0,0
BRF:3
BRH:1
end_of_record
TN:
SF:melodex-front-end\src\utils\formatDefaultPlaylistName.js
FN:2,formatDefaultPlaylistName
FNF:1
FNH:1
FNDA:23,formatDefaultPlaylistName
DA:1,1
DA:2,1
DA:3,23
DA:4,23
DA:5,23
DA:6,23
DA:7,23
LF:7
LH:7
BRDA:2,0,0,23
BRF:1
BRH:1
end_of_record
TN:
SF:melodex-front-end\src\utils\spotifyAuthGuard.js
FN:3,ensureSpotifyConnected
FN:6,sessionProbe
FNF:2
FNH:2
FNDA:8,ensureSpotifyConnected
FNDA:11,sessionProbe
DA:1,1
DA:2,1
DA:3,1
DA:4,8
DA:5,8
DA:6,8
DA:7,11
DA:8,11
DA:9,5
DA:10,5
DA:11,11
DA:12,8
DA:13,8
DA:14,8
DA:15,8
DA:16,6
DA:17,6
DA:18,8
DA:19,5
DA:20,5
DA:21,4
DA:22,3
DA:23,3
DA:24,3
DA:25,5
DA:26,5
DA:27,4
DA:28,4
DA:29,4
DA:30,8
DA:31,1
DA:32,1
DA:33,1
DA:34,8
DA:35,1
DA:36,1
DA:37,1
DA:38,1
DA:39,1
DA:40,1
DA:41,1
DA:42,1
DA:43,1
DA:44,1
LF:44
LH:44
BRDA:3,0,0,8
BRDA:15,1,0,7
BRDA:15,2,0,2
BRDA:15,3,0,1
BRDA:16,4,0,6
BRDA:18,5,0,5
BRDA:18,6,0,5
BRDA:21,7,0,4
BRDA:21,8,0,3
BRDA:23,9,0,2
BRDA:25,10,0,1
BRDA:26,11,0,4
BRDA:30,12,0,1
BRDA:6,13,0,11
BRDA:8,14,0,10
BRDA:8,15,0,5
BRF:16
BRH:16
end_of_record
TN:
SF:melodex-front-end\src\utils\spotifyExport.js
FN:15,postUrisInChunks
FN:15,postFn
FN:37,buildFilters
FN:38,norm
FN:58,_norm
FN:68,_parseDecadeWindow
FN:90,_extractYear
FN:105,selectRankedByRules
FN:120,matchesDecade
FN:202,normalizeWhitespace
FN:208,normalizeArtist
FN:219,normalizeTitleForSearch
FN:245,isVariantName
FN:257,pickUriFromSearchResult
FN:328,mapDeezerToSpotifyUris
FN:397,buildCreatePayload
FNF:16
FNH:14
FNDA:8,postUrisInChunks
FNDA:0,postFn
FNDA:11,buildFilters
FNDA:22,norm
FNDA:302,_norm
FNDA:18,_parseDecadeWindow
FNDA:0,_extractYear
FNDA:19,selectRankedByRules
FNDA:58,matchesDecade
FNDA:23,normalizeWhitespace
FNDA:17,normalizeArtist
FNDA:17,normalizeTitleForSearch
FNDA:4,isVariantName
FNDA:17,pickUriFromSearchResult
FNDA:12,mapDeezerToSpotifyUris
FNDA:3,buildCreatePayload
DA:1,1
DA:2,1
DA:3,1
DA:4,1
DA:5,1
DA:6,1
DA:7,1
DA:8,1
DA:9,1
DA:10,1
DA:11,1
DA:12,1
DA:13,1
DA:14,1
DA:15,1
DA:16,8
DA:17,8
DA:18,8
DA:19,8
DA:20,3
DA:21,3
DA:22,8
DA:23,4
DA:24,4
DA:25,4
DA:26,4
DA:27,8
DA:28,9
DA:29,9
DA:30,9
DA:31,9
DA:32,9
DA:33,4
DA:34,4
DA:35,1
DA:36,1
DA:37,1
DA:38,11
DA:39,11
DA:40,11
DA:41,11
DA:42,11
DA:43,11
DA:44,11
DA:45,6
DA:46,6
DA:47,11
DA:48,4
DA:49,4
DA:50,4
DA:51,8
DA:52,4
DA:53,4
DA:54,1
DA:55,1
DA:56,1
DA:57,1
DA:58,302
DA:59,302
DA:60,302
DA:61,302
DA:62,302
DA:63,302
DA:64,1
DA:65,1
DA:66,1
DA:67,1
DA:68,18
DA:69,18
DA:70,18
DA:71,18
DA:72,12
DA:73,12
DA:74,18
DA:75,7
DA:76,7
DA:77,7
DA:78,5
DA:79,5
DA:80,15
DA:81,4
DA:82,4
DA:83,4
DA:84,4
DA:85,2
DA:86,2
DA:87,1
DA:88,1
DA:89,1
DA:90,0
DA:91,0
DA:92,0
DA:93,0
DA:94,0
DA:95,0
DA:96,0
DA:97,1
DA:98,1
DA:99,1
DA:100,1
DA:101,1
DA:102,1
DA:103,1
DA:104,1
DA:105,1
DA:106,19
DA:107,18
DA:108,19
DA:109,19
DA:110,19
DA:111,19
DA:112,19
DA:113,19
DA:114,19
DA:115,19
DA:116,19
DA:117,19
DA:118,19
DA:119,19
DA:120,19
DA:121,58
DA:122,58
DA:123,41
DA:124,41
DA:125,58
DA:126,8
DA:127,8
DA:128,6
DA:129,6
DA:130,6
DA:131,6
DA:132,2
DA:133,8
DA:134,1
DA:135,1
DA:136,1
DA:137,1
DA:138,1
DA:139,1
DA:140,1
DA:141,1
DA:142,33
DA:143,33
DA:144,33
DA:145,33
DA:146,33
DA:147,33
DA:148,24
DA:149,24
DA:150,0
DA:151,0
DA:152,0
DA:153,24
DA:154,24
DA:155,9
DA:156,9
DA:157,9
DA:158,33
DA:159,4
DA:160,4
DA:161,4
DA:162,0
DA:163,0
DA:164,4
DA:165,4
DA:166,5
DA:167,5
DA:168,5
DA:169,5
DA:170,0
DA:171,0
DA:172,58
DA:173,19
DA:174,19
DA:175,98
DA:176,98
DA:177,98
DA:178,98
DA:179,98
DA:180,34
DA:181,34
DA:182,98
DA:183,12
DA:184,12
DA:185,69
DA:186,69
DA:187,69
DA:188,92
DA:189,52
DA:190,52
DA:191,52
DA:192,58
DA:193,58
DA:194,90
DA:195,30
DA:196,30
DA:197,19
DA:198,19
DA:199,1
DA:200,1
DA:201,1
DA:202,23
DA:203,23
DA:204,23
DA:205,23
DA:206,23
DA:207,1
DA:208,17
DA:209,17
DA:210,17
DA:211,1
DA:212,1
DA:213,1
DA:214,1
DA:215,1
DA:216,1
DA:217,1
DA:218,1
DA:219,17
DA:220,17
DA:221,17
DA:222,17
DA:223,17
DA:224,17
DA:225,17
DA:226,17
DA:227,17
DA:228,17
DA:229,17
DA:230,17
DA:231,17
DA:232,17
DA:233,17
DA:234,17
DA:235,17
DA:236,17
DA:237,17
DA:238,17
DA:239,17
DA:240,17
DA:241,17
DA:242,17
DA:243,17
DA:244,1
DA:245,4
DA:246,4
DA:247,4
DA:248,4
DA:249,1
DA:250,1
DA:251,1
DA:252,1
DA:253,1
DA:254,1
DA:255,1
DA:256,1
DA:257,17
DA:258,17
DA:259,15
DA:260,15
DA:261,17
DA:262,13
DA:263,13
DA:264,2
DA:265,17
DA:266,17
DA:267,2
DA:268,2
DA:269,17
DA:270,17
DA:271,17
DA:272,17
DA:273,17
DA:274,17
DA:275,1
DA:276,1
DA:277,2
DA:278,2
DA:279,1
DA:280,1
DA:281,1
DA:282,1
DA:283,1
DA:284,2
DA:285,2
DA:286,2
DA:287,2
DA:288,2
DA:289,2
DA:290,2
DA:291,2
DA:292,17
DA:293,1
DA:294,1
DA:295,1
DA:296,2
DA:297,2
DA:298,2
DA:299,2
DA:300,2
DA:301,2
DA:302,2
DA:303,1
DA:304,1
DA:305,1
DA:306,1
DA:307,1
DA:308,1
DA:309,17
DA:310,17
DA:311,17
DA:312,1
DA:313,1
DA:314,1
DA:315,1
DA:316,1
DA:317,1
DA:318,1
DA:319,1
DA:320,1
DA:321,1
DA:322,1
DA:323,1
DA:324,1
DA:325,1
DA:326,1
DA:327,1
DA:328,1
DA:329,12
DA:330,0
DA:331,0
DA:332,12
DA:333,12
DA:334,12
DA:335,12
DA:336,12
DA:337,12
DA:338,12
DA:339,12
DA:340,12
DA:341,12
DA:342,18
DA:343,18
DA:344,18
DA:345,18
DA:346,1
DA:347,1
DA:348,1
DA:349,1
DA:350,1
DA:351,1
DA:352,17
DA:353,17
DA:354,18
DA:355,18
DA:356,18
DA:357,18
DA:358,18
DA:359,18
DA:360,18
DA:361,18
DA:362,18
DA:363,18
DA:364,11
DA:365,18
DA:366,6
DA:367,6
DA:368,6
DA:369,6
DA:370,6
DA:371,6
DA:372,0
DA:373,0
DA:374,0
DA:375,17
DA:376,17
DA:377,17
DA:378,17
DA:379,17
DA:380,18
DA:381,14
DA:382,14
DA:383,14
DA:384,18
DA:385,12
DA:386,12
DA:387,12
DA:388,1
DA:389,1
DA:390,1
DA:391,1
DA:392,1
DA:393,1
DA:394,1
DA:395,1
DA:396,1
DA:397,1
DA:398,3
DA:399,3
DA:400,3
DA:401,3
DA:402,3
DA:403,3
DA:404,3
DA:405,3
DA:406,3
DA:407,3
DA:408,3
DA:409,3
DA:410,3
DA:411,3
DA:412,3
DA:413,3
DA:414,3
DA:415,3
DA:416,3
DA:417,3
DA:418,3
DA:419,3
DA:420,3
LF:420
LH:401
BRDA:15,0,0,8
BRDA:16,1,0,0
BRDA:19,2,0,7
BRDA:19,3,0,3
BRDA:21,4,0,5
BRDA:22,5,0,1
BRDA:23,6,0,4
BRDA:27,7,0,9
BRDA:32,8,0,4
BRDA:37,9,0,11
BRDA:44,10,0,7
BRDA:44,11,0,5
BRDA:45,12,0,9
BRDA:45,13,0,6
BRDA:47,14,0,2
BRDA:47,15,0,2
BRDA:48,16,0,8
BRDA:48,17,0,4
BRDA:51,18,0,1
BRDA:52,19,0,4
BRDA:38,20,0,22
BRDA:38,21,0,11
BRDA:38,22,0,11
BRDA:58,23,0,302
BRDA:59,24,0,0
BRDA:68,25,0,18
BRDA:69,26,0,0
BRDA:71,27,0,6
BRDA:72,28,0,12
BRDA:74,29,0,7
BRDA:77,30,0,15
BRDA:77,31,0,5
BRDA:80,32,0,4
BRDA:83,33,0,3
BRDA:84,34,0,2
BRDA:105,35,0,19
BRDA:106,36,0,1
BRDA:107,37,0,18
BRDA:108,38,0,0
BRDA:109,39,0,0
BRDA:111,40,0,0
BRDA:120,41,0,58
BRDA:122,42,0,17
BRDA:123,43,0,41
BRDA:125,44,0,8
BRDA:126,45,0,0
BRDA:127,46,0,6
BRDA:129,47,0,4
BRDA:131,48,0,2
BRDA:133,49,0,1
BRDA:137,50,0,0
BRDA:141,51,0,33
BRDA:147,52,0,24
BRDA:150,53,0,0
BRDA:154,54,0,9
BRDA:158,55,0,4
BRDA:162,56,0,0
BRDA:165,57,0,5
BRDA:169,58,0,0
BRDA:174,59,0,98
BRDA:179,60,0,34
BRDA:180,61,0,23
BRDA:181,62,0,28
BRDA:181,63,0,11
BRDA:181,64,0,7
BRDA:181,65,0,0
BRDA:182,66,0,64
BRDA:182,67,0,12
BRDA:183,68,0,6
BRDA:184,69,0,92
BRDA:184,70,0,69
BRDA:188,71,0,52
BRDA:190,72,0,43
BRDA:190,73,0,11
BRDA:191,74,0,90
BRDA:191,75,0,58
BRDA:194,76,0,28
BRDA:195,77,0,30
BRDA:202,78,0,23
BRDA:203,79,0,1
BRDA:208,80,0,17
BRDA:219,81,0,17
BRDA:220,82,0,0
BRDA:245,83,0,4
BRDA:246,84,0,0
BRDA:257,85,0,17
BRDA:258,86,0,2
BRDA:259,87,0,15
BRDA:261,88,0,13
BRDA:263,89,0,2
BRDA:265,90,0,0
BRDA:266,91,0,0
BRDA:267,92,0,2
BRDA:269,93,0,1
BRDA:269,94,0,1
BRDA:274,95,0,1
BRDA:283,96,0,2
BRDA:292,97,0,1
BRDA:292,98,0,1
BRDA:295,99,0,2
BRDA:296,100,0,0
BRDA:309,101,0,0
BRDA:310,102,0,1
BRDA:310,103,0,1
BRDA:310,104,0,0
BRDA:276,105,0,2
BRDA:286,106,0,4
BRDA:328,107,0,12
BRDA:329,108,0,0
BRDA:341,109,0,18
BRDA:342,110,0,0
BRDA:345,111,0,1
BRDA:345,112,0,1
BRDA:351,113,0,17
BRDA:354,114,0,1
BRDA:354,115,0,0
BRDA:355,116,0,0
BRDA:363,117,0,11
BRDA:365,118,0,6
BRDA:365,119,0,0
BRDA:371,120,0,0
BRDA:374,121,0,17
BRDA:380,122,0,15
BRDA:380,123,0,14
BRDA:338,124,0,22
BRDA:338,125,0,20
BRDA:338,126,0,19
BRDA:397,127,0,3
BRDA:398,128,0,0
BRDA:399,129,0,0
BRDA:400,130,0,0
BRDA:416,131,0,1
BRDA:417,132,0,1
BRDA:404,133,0,8
BRDA:404,134,0,6
BRF:135
BRH:107
end_of_record
